mode: set
github.com/EtherVerseCodeMate/giza-cyber-shield/pkg/adinkra/adinkra_core.go:13.49,15.16 2 1
github.com/EtherVerseCodeMate/giza-cyber-shield/pkg/adinkra/adinkra_core.go:15.16,17.3 1 0
github.com/EtherVerseCodeMate/giza-cyber-shield/pkg/adinkra/adinkra_core.go:19.2,22.30 3 1
github.com/EtherVerseCodeMate/giza-cyber-shield/pkg/adinkra/adinkra_core.go:26.53,28.16 2 1
github.com/EtherVerseCodeMate/giza-cyber-shield/pkg/adinkra/adinkra_core.go:28.16,30.3 1 0
github.com/EtherVerseCodeMate/giza-cyber-shield/pkg/adinkra/adinkra_core.go:32.2,37.30 5 1
github.com/EtherVerseCodeMate/giza-cyber-shield/pkg/adinkra/adinkra_core.go:41.55,42.44 1 1
github.com/EtherVerseCodeMate/giza-cyber-shield/pkg/adinkra/adinkra_core.go:42.44,44.3 1 0
github.com/EtherVerseCodeMate/giza-cyber-shield/pkg/adinkra/adinkra_core.go:45.2,50.17 5 1
github.com/EtherVerseCodeMate/giza-cyber-shield/pkg/adinkra/adinkra_core.go:54.67,55.43 1 1
github.com/EtherVerseCodeMate/giza-cyber-shield/pkg/adinkra/adinkra_core.go:55.43,57.3 1 0
github.com/EtherVerseCodeMate/giza-cyber-shield/pkg/adinkra/adinkra_core.go:58.2,60.48 3 1
github.com/EtherVerseCodeMate/giza-cyber-shield/pkg/adinkra/adinkra_core.go:66.70,70.16 2 1
github.com/EtherVerseCodeMate/giza-cyber-shield/pkg/adinkra/adinkra_core.go:70.16,72.3 1 0
github.com/EtherVerseCodeMate/giza-cyber-shield/pkg/adinkra/adinkra_core.go:77.2,78.16 2 1
github.com/EtherVerseCodeMate/giza-cyber-shield/pkg/adinkra/adinkra_core.go:78.16,80.3 1 0
github.com/EtherVerseCodeMate/giza-cyber-shield/pkg/adinkra/adinkra_core.go:84.2,88.16 3 1
github.com/EtherVerseCodeMate/giza-cyber-shield/pkg/adinkra/adinkra_core.go:88.16,90.3 1 0
github.com/EtherVerseCodeMate/giza-cyber-shield/pkg/adinkra/adinkra_core.go:91.2,101.22 5 1
github.com/EtherVerseCodeMate/giza-cyber-shield/pkg/adinkra/adinkra_core.go:106.67,110.33 2 1
github.com/EtherVerseCodeMate/giza-cyber-shield/pkg/adinkra/adinkra_core.go:110.33,112.3 1 0
github.com/EtherVerseCodeMate/giza-cyber-shield/pkg/adinkra/adinkra_core.go:114.2,119.16 4 1
github.com/EtherVerseCodeMate/giza-cyber-shield/pkg/adinkra/adinkra_core.go:119.16,121.3 1 0
github.com/EtherVerseCodeMate/giza-cyber-shield/pkg/adinkra/adinkra_core.go:123.2,124.16 2 1
github.com/EtherVerseCodeMate/giza-cyber-shield/pkg/adinkra/adinkra_core.go:124.16,126.3 1 0
github.com/EtherVerseCodeMate/giza-cyber-shield/pkg/adinkra/adinkra_core.go:129.2,132.16 3 1
github.com/EtherVerseCodeMate/giza-cyber-shield/pkg/adinkra/adinkra_core.go:132.16,134.3 1 1
github.com/EtherVerseCodeMate/giza-cyber-shield/pkg/adinkra/adinkra_core.go:136.2,136.23 1 1
github.com/EtherVerseCodeMate/giza-cyber-shield/pkg/adinkra/adinkra_core.go:144.31,157.27 5 0
github.com/EtherVerseCodeMate/giza-cyber-shield/pkg/adinkra/adinkra_core.go:157.27,158.32 1 0
github.com/EtherVerseCodeMate/giza-cyber-shield/pkg/adinkra/adinkra_core.go:158.32,160.4 1 0
github.com/EtherVerseCodeMate/giza-cyber-shield/pkg/adinkra/adinkra_core.go:160.9,162.4 1 0
github.com/EtherVerseCodeMate/giza-cyber-shield/pkg/adinkra/adinkra_core.go:164.2,164.20 1 0
github.com/EtherVerseCodeMate/giza-cyber-shield/pkg/adinkra/backup.go:26.83,29.16 2 0
github.com/EtherVerseCodeMate/giza-cyber-shield/pkg/adinkra/backup.go:29.16,31.3 1 0
github.com/EtherVerseCodeMate/giza-cyber-shield/pkg/adinkra/backup.go:34.2,35.16 2 0
github.com/EtherVerseCodeMate/giza-cyber-shield/pkg/adinkra/backup.go:35.16,37.3 1 0
github.com/EtherVerseCodeMate/giza-cyber-shield/pkg/adinkra/backup.go:40.2,42.16 3 0
github.com/EtherVerseCodeMate/giza-cyber-shield/pkg/adinkra/backup.go:42.16,44.3 1 0
github.com/EtherVerseCodeMate/giza-cyber-shield/pkg/adinkra/backup.go:48.2,49.16 2 0
github.com/EtherVerseCodeMate/giza-cyber-shield/pkg/adinkra/backup.go:49.16,51.3 1 0
github.com/EtherVerseCodeMate/giza-cyber-shield/pkg/adinkra/backup.go:54.2,65.20 2 0
github.com/EtherVerseCodeMate/giza-cyber-shield/pkg/adinkra/backup.go:69.77,73.16 3 0
github.com/EtherVerseCodeMate/giza-cyber-shield/pkg/adinkra/backup.go:73.16,75.3 1 0
github.com/EtherVerseCodeMate/giza-cyber-shield/pkg/adinkra/backup.go:78.2,79.16 2 0
github.com/EtherVerseCodeMate/giza-cyber-shield/pkg/adinkra/backup.go:79.16,81.3 1 0
github.com/EtherVerseCodeMate/giza-cyber-shield/pkg/adinkra/backup.go:83.2,83.23 1 0
github.com/EtherVerseCodeMate/giza-cyber-shield/pkg/adinkra/crypto_util.go:16.66,19.2 1 0
github.com/EtherVerseCodeMate/giza-cyber-shield/pkg/adinkra/crypto_util.go:22.45,24.58 2 0
github.com/EtherVerseCodeMate/giza-cyber-shield/pkg/adinkra/crypto_util.go:24.58,26.3 1 0
github.com/EtherVerseCodeMate/giza-cyber-shield/pkg/adinkra/crypto_util.go:27.2,27.18 1 0
github.com/EtherVerseCodeMate/giza-cyber-shield/pkg/adinkra/crypto_util.go:36.49,40.2 2 0
github.com/EtherVerseCodeMate/giza-cyber-shield/pkg/adinkra/crypto_util.go:42.58,44.2 1 0
github.com/EtherVerseCodeMate/giza-cyber-shield/pkg/adinkra/crypto_util.go:47.59,49.16 2 1
github.com/EtherVerseCodeMate/giza-cyber-shield/pkg/adinkra/crypto_util.go:49.16,51.3 1 0
github.com/EtherVerseCodeMate/giza-cyber-shield/pkg/adinkra/crypto_util.go:53.2,54.16 2 1
github.com/EtherVerseCodeMate/giza-cyber-shield/pkg/adinkra/crypto_util.go:54.16,56.3 1 0
github.com/EtherVerseCodeMate/giza-cyber-shield/pkg/adinkra/crypto_util.go:58.2,59.59 2 1
github.com/EtherVerseCodeMate/giza-cyber-shield/pkg/adinkra/crypto_util.go:59.59,61.3 1 0
github.com/EtherVerseCodeMate/giza-cyber-shield/pkg/adinkra/crypto_util.go:63.2,70.20 5 1
github.com/EtherVerseCodeMate/giza-cyber-shield/pkg/adinkra/crypto_util.go:74.54,76.16 2 1
github.com/EtherVerseCodeMate/giza-cyber-shield/pkg/adinkra/crypto_util.go:76.16,78.3 1 0
github.com/EtherVerseCodeMate/giza-cyber-shield/pkg/adinkra/crypto_util.go:80.2,81.16 2 1
github.com/EtherVerseCodeMate/giza-cyber-shield/pkg/adinkra/crypto_util.go:81.16,83.3 1 0
github.com/EtherVerseCodeMate/giza-cyber-shield/pkg/adinkra/crypto_util.go:85.2,86.27 2 1
github.com/EtherVerseCodeMate/giza-cyber-shield/pkg/adinkra/crypto_util.go:86.27,88.3 1 0
github.com/EtherVerseCodeMate/giza-cyber-shield/pkg/adinkra/crypto_util.go:90.2,91.49 2 1
github.com/EtherVerseCodeMate/giza-cyber-shield/pkg/adinkra/crypto_util.go:96.69,98.16 2 0
github.com/EtherVerseCodeMate/giza-cyber-shield/pkg/adinkra/crypto_util.go:98.16,100.3 1 0
github.com/EtherVerseCodeMate/giza-cyber-shield/pkg/adinkra/crypto_util.go:102.2,103.16 2 0
github.com/EtherVerseCodeMate/giza-cyber-shield/pkg/adinkra/crypto_util.go:103.16,105.3 1 0
github.com/EtherVerseCodeMate/giza-cyber-shield/pkg/adinkra/crypto_util.go:107.2,108.24 2 0
github.com/EtherVerseCodeMate/giza-cyber-shield/pkg/adinkra/crypto_util.go:113.70,115.16 2 0
github.com/EtherVerseCodeMate/giza-cyber-shield/pkg/adinkra/crypto_util.go:115.16,117.3 1 0
github.com/EtherVerseCodeMate/giza-cyber-shield/pkg/adinkra/crypto_util.go:119.2,120.16 2 0
github.com/EtherVerseCodeMate/giza-cyber-shield/pkg/adinkra/crypto_util.go:120.16,122.3 1 0
github.com/EtherVerseCodeMate/giza-cyber-shield/pkg/adinkra/crypto_util.go:124.2,125.16 2 0
github.com/EtherVerseCodeMate/giza-cyber-shield/pkg/adinkra/crypto_util.go:125.16,127.3 1 0
github.com/EtherVerseCodeMate/giza-cyber-shield/pkg/adinkra/crypto_util.go:129.2,129.23 1 0
github.com/EtherVerseCodeMate/giza-cyber-shield/pkg/adinkra/crypto_util.go:134.72,139.2 2 0
github.com/EtherVerseCodeMate/giza-cyber-shield/pkg/adinkra/csr.go:14.82,15.33 1 0
github.com/EtherVerseCodeMate/giza-cyber-shield/pkg/adinkra/csr.go:15.33,17.3 1 0
github.com/EtherVerseCodeMate/giza-cyber-shield/pkg/adinkra/csr.go:19.2,31.16 4 0
github.com/EtherVerseCodeMate/giza-cyber-shield/pkg/adinkra/csr.go:31.16,33.3 1 0
github.com/EtherVerseCodeMate/giza-cyber-shield/pkg/adinkra/csr.go:36.2,41.20 2 0
github.com/EtherVerseCodeMate/giza-cyber-shield/pkg/adinkra/csr.go:46.71,47.33 1 0
github.com/EtherVerseCodeMate/giza-cyber-shield/pkg/adinkra/csr.go:47.33,49.3 1 0
github.com/EtherVerseCodeMate/giza-cyber-shield/pkg/adinkra/csr.go:51.2,52.16 2 0
github.com/EtherVerseCodeMate/giza-cyber-shield/pkg/adinkra/csr.go:52.16,54.3 1 0
github.com/EtherVerseCodeMate/giza-cyber-shield/pkg/adinkra/csr.go:56.2,61.20 2 0
github.com/EtherVerseCodeMate/giza-cyber-shield/pkg/adinkra/ecies.go:19.75,22.16 2 1
github.com/EtherVerseCodeMate/giza-cyber-shield/pkg/adinkra/ecies.go:22.16,24.3 1 0
github.com/EtherVerseCodeMate/giza-cyber-shield/pkg/adinkra/ecies.go:27.2,28.20 2 1
github.com/EtherVerseCodeMate/giza-cyber-shield/pkg/adinkra/ecies.go:28.20,30.3 1 0
github.com/EtherVerseCodeMate/giza-cyber-shield/pkg/adinkra/ecies.go:33.2,36.52 4 1
github.com/EtherVerseCodeMate/giza-cyber-shield/pkg/adinkra/ecies.go:36.52,38.3 1 0
github.com/EtherVerseCodeMate/giza-cyber-shield/pkg/adinkra/ecies.go:41.2,42.16 2 1
github.com/EtherVerseCodeMate/giza-cyber-shield/pkg/adinkra/ecies.go:42.16,44.3 1 0
github.com/EtherVerseCodeMate/giza-cyber-shield/pkg/adinkra/ecies.go:47.2,54.20 5 1
github.com/EtherVerseCodeMate/giza-cyber-shield/pkg/adinkra/ecies.go:58.77,62.38 2 0
github.com/EtherVerseCodeMate/giza-cyber-shield/pkg/adinkra/ecies.go:62.38,64.3 1 0
github.com/EtherVerseCodeMate/giza-cyber-shield/pkg/adinkra/ecies.go:67.2,72.23 4 0
github.com/EtherVerseCodeMate/giza-cyber-shield/pkg/adinkra/ecies.go:72.23,74.3 1 0
github.com/EtherVerseCodeMate/giza-cyber-shield/pkg/adinkra/ecies.go:77.2,78.20 2 0
github.com/EtherVerseCodeMate/giza-cyber-shield/pkg/adinkra/ecies.go:78.20,80.3 1 0
github.com/EtherVerseCodeMate/giza-cyber-shield/pkg/adinkra/ecies.go:83.2,86.52 4 0
github.com/EtherVerseCodeMate/giza-cyber-shield/pkg/adinkra/ecies.go:86.52,88.3 1 0
github.com/EtherVerseCodeMate/giza-cyber-shield/pkg/adinkra/ecies.go:91.2,92.16 2 0
github.com/EtherVerseCodeMate/giza-cyber-shield/pkg/adinkra/ecies.go:92.16,94.3 1 0
github.com/EtherVerseCodeMate/giza-cyber-shield/pkg/adinkra/ecies.go:96.2,96.24 1 0
github.com/EtherVerseCodeMate/giza-cyber-shield/pkg/adinkra/hybrid_crypto.go:119.90,122.61 2 0
github.com/EtherVerseCodeMate/giza-cyber-shield/pkg/adinkra/hybrid_crypto.go:122.61,124.3 1 0
github.com/EtherVerseCodeMate/giza-cyber-shield/pkg/adinkra/hybrid_crypto.go:127.2,127.36 1 0
github.com/EtherVerseCodeMate/giza-cyber-shield/pkg/adinkra/hybrid_crypto.go:127.36,129.3 1 0
github.com/EtherVerseCodeMate/giza-cyber-shield/pkg/adinkra/hybrid_crypto.go:131.2,140.16 3 0
github.com/EtherVerseCodeMate/giza-cyber-shield/pkg/adinkra/hybrid_crypto.go:140.16,142.3 1 0
github.com/EtherVerseCodeMate/giza-cyber-shield/pkg/adinkra/hybrid_crypto.go:143.2,148.16 4 0
github.com/EtherVerseCodeMate/giza-cyber-shield/pkg/adinkra/hybrid_crypto.go:148.16,150.3 1 0
github.com/EtherVerseCodeMate/giza-cyber-shield/pkg/adinkra/hybrid_crypto.go:151.2,156.16 4 0
github.com/EtherVerseCodeMate/giza-cyber-shield/pkg/adinkra/hybrid_crypto.go:156.16,158.3 1 0
github.com/EtherVerseCodeMate/giza-cyber-shield/pkg/adinkra/hybrid_crypto.go:159.2,164.16 4 0
github.com/EtherVerseCodeMate/giza-cyber-shield/pkg/adinkra/hybrid_crypto.go:164.16,166.3 1 0
github.com/EtherVerseCodeMate/giza-cyber-shield/pkg/adinkra/hybrid_crypto.go:167.2,171.58 3 0
github.com/EtherVerseCodeMate/giza-cyber-shield/pkg/adinkra/hybrid_crypto.go:171.58,173.3 1 0
github.com/EtherVerseCodeMate/giza-cyber-shield/pkg/adinkra/hybrid_crypto.go:175.2,175.21 1 0
github.com/EtherVerseCodeMate/giza-cyber-shield/pkg/adinkra/hybrid_crypto.go:180.89,181.20 1 1
github.com/EtherVerseCodeMate/giza-cyber-shield/pkg/adinkra/hybrid_crypto.go:181.20,183.3 1 0
github.com/EtherVerseCodeMate/giza-cyber-shield/pkg/adinkra/hybrid_crypto.go:185.2,195.16 3 1
github.com/EtherVerseCodeMate/giza-cyber-shield/pkg/adinkra/hybrid_crypto.go:195.16,197.3 1 0
github.com/EtherVerseCodeMate/giza-cyber-shield/pkg/adinkra/hybrid_crypto.go:198.2,204.16 4 1
github.com/EtherVerseCodeMate/giza-cyber-shield/pkg/adinkra/hybrid_crypto.go:204.16,206.3 1 0
github.com/EtherVerseCodeMate/giza-cyber-shield/pkg/adinkra/hybrid_crypto.go:207.2,215.43 5 1
github.com/EtherVerseCodeMate/giza-cyber-shield/pkg/adinkra/hybrid_crypto.go:215.43,216.25 1 1
github.com/EtherVerseCodeMate/giza-cyber-shield/pkg/adinkra/hybrid_crypto.go:216.25,218.4 1 1
github.com/EtherVerseCodeMate/giza-cyber-shield/pkg/adinkra/hybrid_crypto.go:220.2,221.16 2 1
github.com/EtherVerseCodeMate/giza-cyber-shield/pkg/adinkra/hybrid_crypto.go:221.16,223.3 1 0
github.com/EtherVerseCodeMate/giza-cyber-shield/pkg/adinkra/hybrid_crypto.go:224.2,232.43 5 1
github.com/EtherVerseCodeMate/giza-cyber-shield/pkg/adinkra/hybrid_crypto.go:232.43,233.25 1 1
github.com/EtherVerseCodeMate/giza-cyber-shield/pkg/adinkra/hybrid_crypto.go:233.25,235.4 1 1
github.com/EtherVerseCodeMate/giza-cyber-shield/pkg/adinkra/hybrid_crypto.go:237.2,238.16 2 1
github.com/EtherVerseCodeMate/giza-cyber-shield/pkg/adinkra/hybrid_crypto.go:238.16,240.3 1 0
github.com/EtherVerseCodeMate/giza-cyber-shield/pkg/adinkra/hybrid_crypto.go:241.2,245.58 3 1
github.com/EtherVerseCodeMate/giza-cyber-shield/pkg/adinkra/hybrid_crypto.go:245.58,247.3 1 0
github.com/EtherVerseCodeMate/giza-cyber-shield/pkg/adinkra/hybrid_crypto.go:249.2,249.21 1 1
github.com/EtherVerseCodeMate/giza-cyber-shield/pkg/adinkra/hybrid_crypto.go:257.77,259.53 1 1
github.com/EtherVerseCodeMate/giza-cyber-shield/pkg/adinkra/hybrid_crypto.go:259.53,261.3 1 0
github.com/EtherVerseCodeMate/giza-cyber-shield/pkg/adinkra/hybrid_crypto.go:262.2,262.63 1 1
github.com/EtherVerseCodeMate/giza-cyber-shield/pkg/adinkra/hybrid_crypto.go:262.63,264.3 1 0
github.com/EtherVerseCodeMate/giza-cyber-shield/pkg/adinkra/hybrid_crypto.go:265.2,265.20 1 1
github.com/EtherVerseCodeMate/giza-cyber-shield/pkg/adinkra/hybrid_crypto.go:265.20,267.3 1 0
github.com/EtherVerseCodeMate/giza-cyber-shield/pkg/adinkra/hybrid_crypto.go:270.2,280.16 4 1
github.com/EtherVerseCodeMate/giza-cyber-shield/pkg/adinkra/hybrid_crypto.go:280.16,282.3 1 0
github.com/EtherVerseCodeMate/giza-cyber-shield/pkg/adinkra/hybrid_crypto.go:283.2,287.16 3 1
github.com/EtherVerseCodeMate/giza-cyber-shield/pkg/adinkra/hybrid_crypto.go:287.16,289.3 1 0
github.com/EtherVerseCodeMate/giza-cyber-shield/pkg/adinkra/hybrid_crypto.go:290.2,294.16 3 1
github.com/EtherVerseCodeMate/giza-cyber-shield/pkg/adinkra/hybrid_crypto.go:294.16,296.3 1 0
github.com/EtherVerseCodeMate/giza-cyber-shield/pkg/adinkra/hybrid_crypto.go:297.2,305.22 4 1
github.com/EtherVerseCodeMate/giza-cyber-shield/pkg/adinkra/hybrid_crypto.go:309.80,310.41 1 1
github.com/EtherVerseCodeMate/giza-cyber-shield/pkg/adinkra/hybrid_crypto.go:310.41,312.3 1 0
github.com/EtherVerseCodeMate/giza-cyber-shield/pkg/adinkra/hybrid_crypto.go:315.2,316.42 2 1
github.com/EtherVerseCodeMate/giza-cyber-shield/pkg/adinkra/hybrid_crypto.go:316.42,318.3 1 0
github.com/EtherVerseCodeMate/giza-cyber-shield/pkg/adinkra/hybrid_crypto.go:320.2,323.103 2 1
github.com/EtherVerseCodeMate/giza-cyber-shield/pkg/adinkra/hybrid_crypto.go:323.103,325.3 1 0
github.com/EtherVerseCodeMate/giza-cyber-shield/pkg/adinkra/hybrid_crypto.go:327.2,327.106 1 1
github.com/EtherVerseCodeMate/giza-cyber-shield/pkg/adinkra/hybrid_crypto.go:327.106,329.3 1 0
github.com/EtherVerseCodeMate/giza-cyber-shield/pkg/adinkra/hybrid_crypto.go:331.2,331.94 1 1
github.com/EtherVerseCodeMate/giza-cyber-shield/pkg/adinkra/hybrid_crypto.go:331.94,333.3 1 0
github.com/EtherVerseCodeMate/giza-cyber-shield/pkg/adinkra/hybrid_crypto.go:335.2,335.12 1 1
github.com/EtherVerseCodeMate/giza-cyber-shield/pkg/adinkra/hybrid_crypto.go:343.94,346.64 2 1
github.com/EtherVerseCodeMate/giza-cyber-shield/pkg/adinkra/hybrid_crypto.go:346.64,348.3 1 0
github.com/EtherVerseCodeMate/giza-cyber-shield/pkg/adinkra/hybrid_crypto.go:350.2,358.16 3 1
github.com/EtherVerseCodeMate/giza-cyber-shield/pkg/adinkra/hybrid_crypto.go:358.16,360.3 1 0
github.com/EtherVerseCodeMate/giza-cyber-shield/pkg/adinkra/hybrid_crypto.go:361.2,365.16 3 1
github.com/EtherVerseCodeMate/giza-cyber-shield/pkg/adinkra/hybrid_crypto.go:365.16,367.3 1 0
github.com/EtherVerseCodeMate/giza-cyber-shield/pkg/adinkra/hybrid_crypto.go:368.2,372.16 3 1
github.com/EtherVerseCodeMate/giza-cyber-shield/pkg/adinkra/hybrid_crypto.go:372.16,374.3 1 0
github.com/EtherVerseCodeMate/giza-cyber-shield/pkg/adinkra/hybrid_crypto.go:375.2,379.22 3 1
github.com/EtherVerseCodeMate/giza-cyber-shield/pkg/adinkra/hybrid_crypto.go:383.94,386.16 2 1
github.com/EtherVerseCodeMate/giza-cyber-shield/pkg/adinkra/hybrid_crypto.go:386.16,389.17 2 0
github.com/EtherVerseCodeMate/giza-cyber-shield/pkg/adinkra/hybrid_crypto.go:389.17,391.4 1 0
github.com/EtherVerseCodeMate/giza-cyber-shield/pkg/adinkra/hybrid_crypto.go:395.2,396.16 2 1
github.com/EtherVerseCodeMate/giza-cyber-shield/pkg/adinkra/hybrid_crypto.go:396.16,398.3 1 0
github.com/EtherVerseCodeMate/giza-cyber-shield/pkg/adinkra/hybrid_crypto.go:400.2,400.23 1 1
github.com/EtherVerseCodeMate/giza-cyber-shield/pkg/adinkra/hybrid_crypto.go:407.48,411.28 2 0
github.com/EtherVerseCodeMate/giza-cyber-shield/pkg/adinkra/hybrid_crypto.go:411.28,413.3 1 0
github.com/EtherVerseCodeMate/giza-cyber-shield/pkg/adinkra/hybrid_crypto.go:414.2,415.35 2 0
github.com/EtherVerseCodeMate/giza-cyber-shield/pkg/adinkra/hybrid_crypto.go:418.28,420.25 2 0
github.com/EtherVerseCodeMate/giza-cyber-shield/pkg/adinkra/hybrid_crypto.go:420.25,421.20 1 0
github.com/EtherVerseCodeMate/giza-cyber-shield/pkg/adinkra/hybrid_crypto.go:421.20,423.4 1 0
github.com/EtherVerseCodeMate/giza-cyber-shield/pkg/adinkra/hybrid_crypto.go:425.2,425.14 1 0
github.com/EtherVerseCodeMate/giza-cyber-shield/pkg/adinkra/hybrid_crypto.go:428.43,431.2 2 1
github.com/EtherVerseCodeMate/giza-cyber-shield/pkg/adinkra/hybrid_crypto.go:433.62,438.2 4 1
github.com/EtherVerseCodeMate/giza-cyber-shield/pkg/adinkra/hybrid_crypto.go:440.60,451.2 10 1
github.com/EtherVerseCodeMate/giza-cyber-shield/pkg/adinkra/hybrid_crypto.go:453.43,455.2 1 1
github.com/EtherVerseCodeMate/giza-cyber-shield/pkg/adinkra/hybrid_crypto.go:459.83,465.42 4 1
github.com/EtherVerseCodeMate/giza-cyber-shield/pkg/adinkra/hybrid_crypto.go:465.42,472.20 7 1
github.com/EtherVerseCodeMate/giza-cyber-shield/pkg/adinkra/hybrid_crypto.go:472.20,473.9 1 1
github.com/EtherVerseCodeMate/giza-cyber-shield/pkg/adinkra/hybrid_crypto.go:477.2,477.31 1 1
github.com/EtherVerseCodeMate/giza-cyber-shield/pkg/adinkra/hybrid_crypto.go:477.31,479.3 1 0
github.com/EtherVerseCodeMate/giza-cyber-shield/pkg/adinkra/hybrid_crypto.go:481.2,485.18 5 1
github.com/EtherVerseCodeMate/giza-cyber-shield/pkg/adinkra/hybrid_crypto.go:495.92,497.2 1 1
github.com/EtherVerseCodeMate/giza-cyber-shield/pkg/adinkra/hybrid_crypto.go:499.79,501.2 1 1
github.com/EtherVerseCodeMate/giza-cyber-shield/pkg/adinkra/hybrid_crypto.go:503.80,505.2 1 1
github.com/EtherVerseCodeMate/giza-cyber-shield/pkg/adinkra/hybrid_crypto.go:508.65,512.19 1 1
github.com/EtherVerseCodeMate/giza-cyber-shield/pkg/adinkra/hybrid_crypto.go:512.19,514.3 1 0
github.com/EtherVerseCodeMate/giza-cyber-shield/pkg/adinkra/hybrid_crypto.go:515.2,520.16 4 1
github.com/EtherVerseCodeMate/giza-cyber-shield/pkg/adinkra/hybrid_crypto.go:520.16,522.3 1 0
github.com/EtherVerseCodeMate/giza-cyber-shield/pkg/adinkra/hybrid_crypto.go:525.2,525.39 1 1
github.com/EtherVerseCodeMate/giza-cyber-shield/pkg/adinkra/hybrid_crypto.go:528.58,530.39 1 1
github.com/EtherVerseCodeMate/giza-cyber-shield/pkg/adinkra/hybrid_crypto.go:530.39,532.3 1 0
github.com/EtherVerseCodeMate/giza-cyber-shield/pkg/adinkra/hybrid_crypto.go:533.2,541.17 7 1
github.com/EtherVerseCodeMate/giza-cyber-shield/pkg/adinkra/hybrid_crypto.go:544.60,546.37 1 1
github.com/EtherVerseCodeMate/giza-cyber-shield/pkg/adinkra/hybrid_crypto.go:546.37,548.3 1 0
github.com/EtherVerseCodeMate/giza-cyber-shield/pkg/adinkra/hybrid_crypto.go:549.2,555.43 5 1
github.com/EtherVerseCodeMate/giza-cyber-shield/pkg/adinkra/hybrid_crypto.go:555.43,557.3 1 0
github.com/EtherVerseCodeMate/giza-cyber-shield/pkg/adinkra/hybrid_crypto.go:558.2,558.12 1 1
github.com/EtherVerseCodeMate/giza-cyber-shield/pkg/adinkra/hybrid_crypto.go:562.61,563.19 1 1
github.com/EtherVerseCodeMate/giza-cyber-shield/pkg/adinkra/hybrid_crypto.go:563.19,565.3 1 0
github.com/EtherVerseCodeMate/giza-cyber-shield/pkg/adinkra/hybrid_crypto.go:566.2,581.29 10 1
github.com/EtherVerseCodeMate/giza-cyber-shield/pkg/adinkra/hybrid_crypto.go:584.64,586.46 2 1
github.com/EtherVerseCodeMate/giza-cyber-shield/pkg/adinkra/hybrid_crypto.go:586.46,588.3 1 0
github.com/EtherVerseCodeMate/giza-cyber-shield/pkg/adinkra/hybrid_crypto.go:589.2,606.58 5 1
github.com/EtherVerseCodeMate/giza-cyber-shield/pkg/adinkra/hybrid_crypto.go:606.58,608.3 1 0
github.com/EtherVerseCodeMate/giza-cyber-shield/pkg/adinkra/hybrid_crypto.go:612.2,629.39 3 1
github.com/EtherVerseCodeMate/giza-cyber-shield/pkg/adinkra/hybrid_crypto.go:629.39,631.3 1 1
github.com/EtherVerseCodeMate/giza-cyber-shield/pkg/adinkra/hybrid_crypto.go:656.2,660.20 4 1
github.com/EtherVerseCodeMate/giza-cyber-shield/pkg/adinkra/hybrid_crypto.go:663.59,664.42 1 1
github.com/EtherVerseCodeMate/giza-cyber-shield/pkg/adinkra/hybrid_crypto.go:664.42,666.3 1 0
github.com/EtherVerseCodeMate/giza-cyber-shield/pkg/adinkra/hybrid_crypto.go:669.2,682.39 8 1
github.com/EtherVerseCodeMate/giza-cyber-shield/pkg/adinkra/hybrid_crypto.go:682.39,684.3 1 1
github.com/EtherVerseCodeMate/giza-cyber-shield/pkg/adinkra/hybrid_crypto.go:686.2,686.24 1 1
github.com/EtherVerseCodeMate/giza-cyber-shield/pkg/adinkra/hybrid_crypto.go:690.72,692.2 1 1
github.com/EtherVerseCodeMate/giza-cyber-shield/pkg/adinkra/hybrid_crypto.go:694.73,695.48 1 1
github.com/EtherVerseCodeMate/giza-cyber-shield/pkg/adinkra/hybrid_crypto.go:695.48,697.3 1 0
github.com/EtherVerseCodeMate/giza-cyber-shield/pkg/adinkra/hybrid_crypto.go:698.2,698.12 1 1
github.com/EtherVerseCodeMate/giza-cyber-shield/pkg/adinkra/hybrid_crypto.go:705.59,706.20 1 1
github.com/EtherVerseCodeMate/giza-cyber-shield/pkg/adinkra/hybrid_crypto.go:706.20,708.3 1 0
github.com/EtherVerseCodeMate/giza-cyber-shield/pkg/adinkra/hybrid_crypto.go:709.2,709.38 1 1
github.com/EtherVerseCodeMate/giza-cyber-shield/pkg/adinkra/hybrid_crypto.go:712.60,713.20 1 1
github.com/EtherVerseCodeMate/giza-cyber-shield/pkg/adinkra/hybrid_crypto.go:713.20,715.3 1 0
github.com/EtherVerseCodeMate/giza-cyber-shield/pkg/adinkra/hybrid_crypto.go:716.2,716.39 1 1
github.com/EtherVerseCodeMate/giza-cyber-shield/pkg/adinkra/khepra_pqc.go:73.95,74.20 1 1
github.com/EtherVerseCodeMate/giza-cyber-shield/pkg/adinkra/khepra_pqc.go:74.20,76.3 1 0
github.com/EtherVerseCodeMate/giza-cyber-shield/pkg/adinkra/khepra_pqc.go:79.2,100.31 7 1
github.com/EtherVerseCodeMate/giza-cyber-shield/pkg/adinkra/khepra_pqc.go:100.31,107.32 4 1
github.com/EtherVerseCodeMate/giza-cyber-shield/pkg/adinkra/khepra_pqc.go:107.32,110.28 2 1
github.com/EtherVerseCodeMate/giza-cyber-shield/pkg/adinkra/khepra_pqc.go:110.28,112.5 1 1
github.com/EtherVerseCodeMate/giza-cyber-shield/pkg/adinkra/khepra_pqc.go:114.4,115.29 2 1
github.com/EtherVerseCodeMate/giza-cyber-shield/pkg/adinkra/khepra_pqc.go:117.3,122.32 3 1
github.com/EtherVerseCodeMate/giza-cyber-shield/pkg/adinkra/khepra_pqc.go:122.32,127.33 2 1
github.com/EtherVerseCodeMate/giza-cyber-shield/pkg/adinkra/khepra_pqc.go:127.33,130.5 2 1
github.com/EtherVerseCodeMate/giza-cyber-shield/pkg/adinkra/khepra_pqc.go:133.4,133.49 1 1
github.com/EtherVerseCodeMate/giza-cyber-shield/pkg/adinkra/khepra_pqc.go:135.3,135.45 1 1
github.com/EtherVerseCodeMate/giza-cyber-shield/pkg/adinkra/khepra_pqc.go:138.2,138.35 1 1
github.com/EtherVerseCodeMate/giza-cyber-shield/pkg/adinkra/khepra_pqc.go:146.89,147.28 1 1
github.com/EtherVerseCodeMate/giza-cyber-shield/pkg/adinkra/khepra_pqc.go:147.28,149.3 1 0
github.com/EtherVerseCodeMate/giza-cyber-shield/pkg/adinkra/khepra_pqc.go:152.2,165.53 6 1
github.com/EtherVerseCodeMate/giza-cyber-shield/pkg/adinkra/khepra_pqc.go:165.53,169.32 2 1
github.com/EtherVerseCodeMate/giza-cyber-shield/pkg/adinkra/khepra_pqc.go:169.32,176.33 5 1
github.com/EtherVerseCodeMate/giza-cyber-shield/pkg/adinkra/khepra_pqc.go:176.33,193.5 8 1
github.com/EtherVerseCodeMate/giza-cyber-shield/pkg/adinkra/khepra_pqc.go:197.3,197.34 1 1
github.com/EtherVerseCodeMate/giza-cyber-shield/pkg/adinkra/khepra_pqc.go:197.34,199.9 2 1
github.com/EtherVerseCodeMate/giza-cyber-shield/pkg/adinkra/khepra_pqc.go:203.3,203.31 1 0
github.com/EtherVerseCodeMate/giza-cyber-shield/pkg/adinkra/khepra_pqc.go:203.31,205.4 1 0
github.com/EtherVerseCodeMate/giza-cyber-shield/pkg/adinkra/khepra_pqc.go:209.2,209.43 1 1
github.com/EtherVerseCodeMate/giza-cyber-shield/pkg/adinkra/khepra_pqc.go:217.102,219.97 1 1
github.com/EtherVerseCodeMate/giza-cyber-shield/pkg/adinkra/khepra_pqc.go:219.97,221.3 1 0
github.com/EtherVerseCodeMate/giza-cyber-shield/pkg/adinkra/khepra_pqc.go:224.2,225.16 2 1
github.com/EtherVerseCodeMate/giza-cyber-shield/pkg/adinkra/khepra_pqc.go:225.16,227.3 1 0
github.com/EtherVerseCodeMate/giza-cyber-shield/pkg/adinkra/khepra_pqc.go:230.2,230.41 1 1
github.com/EtherVerseCodeMate/giza-cyber-shield/pkg/adinkra/khepra_pqc.go:230.41,232.3 1 0
github.com/EtherVerseCodeMate/giza-cyber-shield/pkg/adinkra/khepra_pqc.go:235.2,246.31 4 1
github.com/EtherVerseCodeMate/giza-cyber-shield/pkg/adinkra/khepra_pqc.go:246.31,249.32 2 1
github.com/EtherVerseCodeMate/giza-cyber-shield/pkg/adinkra/khepra_pqc.go:249.32,250.41 1 1
github.com/EtherVerseCodeMate/giza-cyber-shield/pkg/adinkra/khepra_pqc.go:250.41,252.5 1 0
github.com/EtherVerseCodeMate/giza-cyber-shield/pkg/adinkra/khepra_pqc.go:254.4,267.16 8 1
github.com/EtherVerseCodeMate/giza-cyber-shield/pkg/adinkra/khepra_pqc.go:267.16,269.5 1 1
github.com/EtherVerseCodeMate/giza-cyber-shield/pkg/adinkra/khepra_pqc.go:273.4,274.26 2 1
github.com/EtherVerseCodeMate/giza-cyber-shield/pkg/adinkra/khepra_pqc.go:274.26,276.5 1 1
github.com/EtherVerseCodeMate/giza-cyber-shield/pkg/adinkra/khepra_pqc.go:281.2,282.30 2 1
github.com/EtherVerseCodeMate/giza-cyber-shield/pkg/adinkra/khepra_pqc.go:282.30,285.3 1 0
github.com/EtherVerseCodeMate/giza-cyber-shield/pkg/adinkra/khepra_pqc.go:288.2,288.12 1 1
github.com/EtherVerseCodeMate/giza-cyber-shield/pkg/adinkra/khepra_pqc.go:296.48,303.35 3 1
github.com/EtherVerseCodeMate/giza-cyber-shield/pkg/adinkra/khepra_pqc.go:303.35,311.44 5 1
github.com/EtherVerseCodeMate/giza-cyber-shield/pkg/adinkra/khepra_pqc.go:311.44,315.4 2 1
github.com/EtherVerseCodeMate/giza-cyber-shield/pkg/adinkra/khepra_pqc.go:318.2,318.13 1 1
github.com/EtherVerseCodeMate/giza-cyber-shield/pkg/adinkra/khepra_pqc.go:322.47,325.26 2 1
github.com/EtherVerseCodeMate/giza-cyber-shield/pkg/adinkra/khepra_pqc.go:325.26,327.3 1 1
github.com/EtherVerseCodeMate/giza-cyber-shield/pkg/adinkra/khepra_pqc.go:329.2,329.23 1 1
github.com/EtherVerseCodeMate/giza-cyber-shield/pkg/adinkra/khepra_pqc.go:334.44,347.2 2 1
github.com/EtherVerseCodeMate/giza-cyber-shield/pkg/adinkra/khepra_pqc.go:350.49,360.70 3 1
github.com/EtherVerseCodeMate/giza-cyber-shield/pkg/adinkra/khepra_pqc.go:360.70,365.3 3 1
github.com/EtherVerseCodeMate/giza-cyber-shield/pkg/adinkra/khepra_pqc.go:367.2,367.15 1 1
github.com/EtherVerseCodeMate/giza-cyber-shield/pkg/adinkra/khepra_pqc.go:371.61,372.38 1 1
github.com/EtherVerseCodeMate/giza-cyber-shield/pkg/adinkra/khepra_pqc.go:372.38,374.3 1 0
github.com/EtherVerseCodeMate/giza-cyber-shield/pkg/adinkra/khepra_pqc.go:376.2,381.60 3 1
github.com/EtherVerseCodeMate/giza-cyber-shield/pkg/adinkra/khepra_pqc.go:381.60,386.3 3 1
github.com/EtherVerseCodeMate/giza-cyber-shield/pkg/adinkra/khepra_pqc.go:388.2,388.17 1 1
github.com/EtherVerseCodeMate/giza-cyber-shield/pkg/adinkra/khepra_pqc.go:397.54,398.17 1 0
github.com/EtherVerseCodeMate/giza-cyber-shield/pkg/adinkra/khepra_pqc.go:398.17,400.3 1 0
github.com/EtherVerseCodeMate/giza-cyber-shield/pkg/adinkra/khepra_pqc.go:402.2,402.35 1 0
github.com/EtherVerseCodeMate/giza-cyber-shield/pkg/adinkra/khepra_pqc.go:402.35,403.34 1 0
github.com/EtherVerseCodeMate/giza-cyber-shield/pkg/adinkra/khepra_pqc.go:403.34,406.4 2 0
github.com/EtherVerseCodeMate/giza-cyber-shield/pkg/adinkra/khepra_pqc.go:409.2,409.32 1 0
github.com/EtherVerseCodeMate/giza-cyber-shield/pkg/adinkra/khepra_pqc.go:413.61,414.17 1 0
github.com/EtherVerseCodeMate/giza-cyber-shield/pkg/adinkra/khepra_pqc.go:414.17,416.3 1 0
github.com/EtherVerseCodeMate/giza-cyber-shield/pkg/adinkra/khepra_pqc.go:417.2,417.39 1 0
github.com/EtherVerseCodeMate/giza-cyber-shield/pkg/adinkra/khepra_pqc.go:417.39,419.3 1 0
github.com/EtherVerseCodeMate/giza-cyber-shield/pkg/adinkra/khepra_pqc.go:420.2,420.40 1 0
github.com/EtherVerseCodeMate/giza-cyber-shield/pkg/adinkra/khepra_pqc.go:420.40,421.17 1 0
github.com/EtherVerseCodeMate/giza-cyber-shield/pkg/adinkra/khepra_pqc.go:421.17,423.4 1 0
github.com/EtherVerseCodeMate/giza-cyber-shield/pkg/adinkra/khepra_pqc.go:424.3,424.26 1 0
github.com/EtherVerseCodeMate/giza-cyber-shield/pkg/adinkra/khepra_pqc.go:424.26,426.4 1 0
github.com/EtherVerseCodeMate/giza-cyber-shield/pkg/adinkra/khepra_pqc.go:428.2,428.12 1 0
github.com/EtherVerseCodeMate/giza-cyber-shield/pkg/adinkra/lattice.go:40.13,42.32 2 1
github.com/EtherVerseCodeMate/giza-cyber-shield/pkg/adinkra/lattice.go:42.32,44.3 1 1
github.com/EtherVerseCodeMate/giza-cyber-shield/pkg/adinkra/lattice.go:79.46,90.2 1 1
github.com/EtherVerseCodeMate/giza-cyber-shield/pkg/adinkra/lattice.go:95.34,99.2 1 1
github.com/EtherVerseCodeMate/giza-cyber-shield/pkg/adinkra/lattice.go:106.39,110.2 1 1
github.com/EtherVerseCodeMate/giza-cyber-shield/pkg/adinkra/lattice.go:114.53,115.22 1 1
github.com/EtherVerseCodeMate/giza-cyber-shield/pkg/adinkra/lattice.go:115.22,117.3 1 0
github.com/EtherVerseCodeMate/giza-cyber-shield/pkg/adinkra/lattice.go:120.2,127.25 4 1
github.com/EtherVerseCodeMate/giza-cyber-shield/pkg/adinkra/lattice.go:127.25,128.15 1 1
github.com/EtherVerseCodeMate/giza-cyber-shield/pkg/adinkra/lattice.go:128.15,130.4 1 1
github.com/EtherVerseCodeMate/giza-cyber-shield/pkg/adinkra/lattice.go:130.9,132.4 1 1
github.com/EtherVerseCodeMate/giza-cyber-shield/pkg/adinkra/lattice.go:136.2,146.37 5 1
github.com/EtherVerseCodeMate/giza-cyber-shield/pkg/adinkra/lattice.go:146.37,148.3 1 0
github.com/EtherVerseCodeMate/giza-cyber-shield/pkg/adinkra/lattice.go:150.2,150.33 1 1
github.com/EtherVerseCodeMate/giza-cyber-shield/pkg/adinkra/lattice.go:150.33,152.28 2 1
github.com/EtherVerseCodeMate/giza-cyber-shield/pkg/adinkra/lattice.go:152.28,158.4 3 1
github.com/EtherVerseCodeMate/giza-cyber-shield/pkg/adinkra/lattice.go:159.3,159.30 1 1
github.com/EtherVerseCodeMate/giza-cyber-shield/pkg/adinkra/lattice.go:159.30,165.4 3 1
github.com/EtherVerseCodeMate/giza-cyber-shield/pkg/adinkra/lattice.go:168.2,168.28 1 1
github.com/EtherVerseCodeMate/giza-cyber-shield/pkg/adinkra/lattice.go:172.57,174.44 2 1
github.com/EtherVerseCodeMate/giza-cyber-shield/pkg/adinkra/lattice.go:174.45,177.3 0 1
github.com/EtherVerseCodeMate/giza-cyber-shield/pkg/adinkra/lattice.go:182.2,185.37 3 1
github.com/EtherVerseCodeMate/giza-cyber-shield/pkg/adinkra/lattice.go:185.37,187.23 1 1
github.com/EtherVerseCodeMate/giza-cyber-shield/pkg/adinkra/lattice.go:187.23,190.20 3 1
github.com/EtherVerseCodeMate/giza-cyber-shield/pkg/adinkra/lattice.go:190.20,192.5 1 1
github.com/EtherVerseCodeMate/giza-cyber-shield/pkg/adinkra/lattice.go:193.4,193.58 1 1
github.com/EtherVerseCodeMate/giza-cyber-shield/pkg/adinkra/lattice.go:197.3,197.23 1 1
github.com/EtherVerseCodeMate/giza-cyber-shield/pkg/adinkra/lattice.go:197.23,200.20 3 1
github.com/EtherVerseCodeMate/giza-cyber-shield/pkg/adinkra/lattice.go:200.20,202.5 1 0
github.com/EtherVerseCodeMate/giza-cyber-shield/pkg/adinkra/lattice.go:203.4,203.62 1 1
github.com/EtherVerseCodeMate/giza-cyber-shield/pkg/adinkra/lattice.go:208.2,225.61 8 1
github.com/EtherVerseCodeMate/giza-cyber-shield/pkg/adinkra/lattice.go:225.61,226.31 1 1
github.com/EtherVerseCodeMate/giza-cyber-shield/pkg/adinkra/lattice.go:226.31,229.4 2 1
github.com/EtherVerseCodeMate/giza-cyber-shield/pkg/adinkra/lattice.go:230.3,230.33 1 1
github.com/EtherVerseCodeMate/giza-cyber-shield/pkg/adinkra/lattice.go:230.33,233.4 2 1
github.com/EtherVerseCodeMate/giza-cyber-shield/pkg/adinkra/lattice.go:236.2,236.18 1 1
github.com/EtherVerseCodeMate/giza-cyber-shield/pkg/adinkra/lattice.go:245.47,254.29 4 1
github.com/EtherVerseCodeMate/giza-cyber-shield/pkg/adinkra/lattice.go:254.29,273.3 8 1
github.com/EtherVerseCodeMate/giza-cyber-shield/pkg/adinkra/lattice.go:274.2,274.13 1 1
github.com/EtherVerseCodeMate/giza-cyber-shield/pkg/adinkra/lattice.go:279.84,280.21 1 1
github.com/EtherVerseCodeMate/giza-cyber-shield/pkg/adinkra/lattice.go:280.21,282.3 1 0
github.com/EtherVerseCodeMate/giza-cyber-shield/pkg/adinkra/lattice.go:283.2,293.26 5 1
github.com/EtherVerseCodeMate/giza-cyber-shield/pkg/adinkra/lattice.go:293.26,295.16 1 1
github.com/EtherVerseCodeMate/giza-cyber-shield/pkg/adinkra/lattice.go:295.16,300.4 3 1
github.com/EtherVerseCodeMate/giza-cyber-shield/pkg/adinkra/lattice.go:305.3,308.32 2 1
github.com/EtherVerseCodeMate/giza-cyber-shield/pkg/adinkra/lattice.go:308.32,314.37 2 1
github.com/EtherVerseCodeMate/giza-cyber-shield/pkg/adinkra/lattice.go:314.37,319.5 1 1
github.com/EtherVerseCodeMate/giza-cyber-shield/pkg/adinkra/lattice.go:322.4,322.12 1 1
github.com/EtherVerseCodeMate/giza-cyber-shield/pkg/adinkra/lattice.go:322.12,324.5 1 1
github.com/EtherVerseCodeMate/giza-cyber-shield/pkg/adinkra/lattice.go:324.10,326.5 1 1
github.com/EtherVerseCodeMate/giza-cyber-shield/pkg/adinkra/lattice.go:330.3,330.24 1 1
github.com/EtherVerseCodeMate/giza-cyber-shield/pkg/adinkra/lattice.go:333.2,333.15 1 1
github.com/EtherVerseCodeMate/giza-cyber-shield/pkg/adinkra/lattice.go:338.83,339.21 1 1
github.com/EtherVerseCodeMate/giza-cyber-shield/pkg/adinkra/lattice.go:339.21,341.3 1 0
github.com/EtherVerseCodeMate/giza-cyber-shield/pkg/adinkra/lattice.go:342.2,348.26 5 1
github.com/EtherVerseCodeMate/giza-cyber-shield/pkg/adinkra/lattice.go:348.26,350.16 1 1
github.com/EtherVerseCodeMate/giza-cyber-shield/pkg/adinkra/lattice.go:350.16,355.4 3 1
github.com/EtherVerseCodeMate/giza-cyber-shield/pkg/adinkra/lattice.go:358.3,366.32 4 1
github.com/EtherVerseCodeMate/giza-cyber-shield/pkg/adinkra/lattice.go:366.32,372.4 4 1
github.com/EtherVerseCodeMate/giza-cyber-shield/pkg/adinkra/lattice.go:375.3,375.27 1 1
github.com/EtherVerseCodeMate/giza-cyber-shield/pkg/adinkra/lattice.go:375.27,379.12 2 1
github.com/EtherVerseCodeMate/giza-cyber-shield/pkg/adinkra/lattice.go:379.12,382.5 1 1
github.com/EtherVerseCodeMate/giza-cyber-shield/pkg/adinkra/lattice.go:382.10,385.5 1 1
github.com/EtherVerseCodeMate/giza-cyber-shield/pkg/adinkra/lattice.go:389.4,389.17 1 1
github.com/EtherVerseCodeMate/giza-cyber-shield/pkg/adinkra/lattice.go:389.17,391.5 1 1
github.com/EtherVerseCodeMate/giza-cyber-shield/pkg/adinkra/lattice.go:394.3,394.24 1 1
github.com/EtherVerseCodeMate/giza-cyber-shield/pkg/adinkra/lattice.go:397.2,397.15 1 1
github.com/EtherVerseCodeMate/giza-cyber-shield/pkg/adinkra/lattice.go:401.63,404.15 2 1
github.com/EtherVerseCodeMate/giza-cyber-shield/pkg/adinkra/lattice.go:405.9,406.30 1 1
github.com/EtherVerseCodeMate/giza-cyber-shield/pkg/adinkra/lattice.go:407.9,408.24 1 1
github.com/EtherVerseCodeMate/giza-cyber-shield/pkg/adinkra/lattice.go:409.9,410.37 1 1
github.com/EtherVerseCodeMate/giza-cyber-shield/pkg/adinkra/lattice.go:411.9,412.20 1 1
github.com/EtherVerseCodeMate/giza-cyber-shield/pkg/adinkra/lattice.go:413.10,414.13 1 0
github.com/EtherVerseCodeMate/giza-cyber-shield/pkg/adinkra/lattice.go:419.65,421.15 2 1
github.com/EtherVerseCodeMate/giza-cyber-shield/pkg/adinkra/lattice.go:422.9,442.19 10 1
github.com/EtherVerseCodeMate/giza-cyber-shield/pkg/adinkra/lattice.go:444.9,445.24 1 1
github.com/EtherVerseCodeMate/giza-cyber-shield/pkg/adinkra/lattice.go:446.9,447.37 1 1
github.com/EtherVerseCodeMate/giza-cyber-shield/pkg/adinkra/lattice.go:448.9,449.20 1 1
github.com/EtherVerseCodeMate/giza-cyber-shield/pkg/adinkra/lattice.go:450.10,451.13 1 0
github.com/EtherVerseCodeMate/giza-cyber-shield/pkg/adinkra/lattice.go:455.43,456.31 1 1
github.com/EtherVerseCodeMate/giza-cyber-shield/pkg/adinkra/lattice.go:456.31,458.3 1 1
github.com/EtherVerseCodeMate/giza-cyber-shield/pkg/adinkra/lattice.go:459.2,459.12 1 0
github.com/EtherVerseCodeMate/giza-cyber-shield/pkg/adinkra/lattice.go:475.50,497.2 13 1
github.com/EtherVerseCodeMate/giza-cyber-shield/pkg/adinkra/lattice.go:500.35,506.2 4 0
github.com/EtherVerseCodeMate/giza-cyber-shield/pkg/adinkra/lattice.go:509.39,514.2 4 1
github.com/EtherVerseCodeMate/giza-cyber-shield/pkg/adinkra/lattice.go:517.39,518.12 1 1
github.com/EtherVerseCodeMate/giza-cyber-shield/pkg/adinkra/lattice.go:518.12,520.3 1 0
github.com/EtherVerseCodeMate/giza-cyber-shield/pkg/adinkra/lattice.go:522.2,525.6 3 1
github.com/EtherVerseCodeMate/giza-cyber-shield/pkg/adinkra/lattice.go:525.6,527.16 2 1
github.com/EtherVerseCodeMate/giza-cyber-shield/pkg/adinkra/lattice.go:527.16,529.4 1 1
github.com/EtherVerseCodeMate/giza-cyber-shield/pkg/adinkra/lattice.go:534.37,536.2 1 1
github.com/EtherVerseCodeMate/giza-cyber-shield/pkg/adinkra/lattice.go:540.57,547.2 3 1
github.com/EtherVerseCodeMate/giza-cyber-shield/pkg/adinkra/lattice.go:550.39,554.2 3 1
github.com/EtherVerseCodeMate/giza-cyber-shield/pkg/adinkra/replay.go:16.34,22.2 3 1
github.com/EtherVerseCodeMate/giza-cyber-shield/pkg/adinkra/replay.go:25.76,30.41 3 1
github.com/EtherVerseCodeMate/giza-cyber-shield/pkg/adinkra/replay.go:30.41,32.3 1 1
github.com/EtherVerseCodeMate/giza-cyber-shield/pkg/adinkra/replay.go:35.2,36.13 2 1
github.com/EtherVerseCodeMate/giza-cyber-shield/pkg/adinkra/replay.go:39.37,43.21 3 1
github.com/EtherVerseCodeMate/giza-cyber-shield/pkg/adinkra/replay.go:43.21,46.38 3 0
github.com/EtherVerseCodeMate/giza-cyber-shield/pkg/adinkra/replay.go:46.38,47.25 1 0
github.com/EtherVerseCodeMate/giza-cyber-shield/pkg/adinkra/replay.go:47.25,49.5 1 0
github.com/EtherVerseCodeMate/giza-cyber-shield/pkg/adinkra/replay.go:51.3,51.17 1 0
github.com/EtherVerseCodeMate/giza-cyber-shield/pkg/adinkra/secure_command.go:22.95,24.49 2 1
github.com/EtherVerseCodeMate/giza-cyber-shield/pkg/adinkra/secure_command.go:24.49,26.3 1 0
github.com/EtherVerseCodeMate/giza-cyber-shield/pkg/adinkra/secure_command.go:28.2,35.8 2 1
github.com/EtherVerseCodeMate/giza-cyber-shield/pkg/adinkra/secure_command.go:39.41,59.2 4 0
github.com/EtherVerseCodeMate/giza-cyber-shield/pkg/adinkra/security_hardening.go:22.44,24.2 1 0
github.com/EtherVerseCodeMate/giza-cyber-shield/pkg/adinkra/security_hardening.go:28.52,29.22 1 0
github.com/EtherVerseCodeMate/giza-cyber-shield/pkg/adinkra/security_hardening.go:29.22,30.47 1 0
github.com/EtherVerseCodeMate/giza-cyber-shield/pkg/adinkra/security_hardening.go:32.2,33.24 2 0
github.com/EtherVerseCodeMate/giza-cyber-shield/pkg/adinkra/security_hardening.go:33.24,35.3 1 0
github.com/EtherVerseCodeMate/giza-cyber-shield/pkg/adinkra/security_hardening.go:36.2,36.15 1 0
github.com/EtherVerseCodeMate/giza-cyber-shield/pkg/adinkra/security_hardening.go:41.50,42.26 1 0
github.com/EtherVerseCodeMate/giza-cyber-shield/pkg/adinkra/security_hardening.go:42.26,44.3 1 0
github.com/EtherVerseCodeMate/giza-cyber-shield/pkg/adinkra/security_hardening.go:45.2,46.21 2 0
github.com/EtherVerseCodeMate/giza-cyber-shield/pkg/adinkra/security_hardening.go:46.21,48.3 1 0
github.com/EtherVerseCodeMate/giza-cyber-shield/pkg/adinkra/security_hardening.go:52.43,58.2 3 0
github.com/EtherVerseCodeMate/giza-cyber-shield/pkg/adinkra/security_hardening.go:66.36,67.20 1 0
github.com/EtherVerseCodeMate/giza-cyber-shield/pkg/adinkra/security_hardening.go:67.20,69.3 1 0
github.com/EtherVerseCodeMate/giza-cyber-shield/pkg/adinkra/security_hardening.go:71.2,74.25 3 0
github.com/EtherVerseCodeMate/giza-cyber-shield/pkg/adinkra/security_hardening.go:79.44,80.20 1 0
github.com/EtherVerseCodeMate/giza-cyber-shield/pkg/adinkra/security_hardening.go:80.20,82.3 1 0
github.com/EtherVerseCodeMate/giza-cyber-shield/pkg/adinkra/security_hardening.go:85.2,86.25 2 0
github.com/EtherVerseCodeMate/giza-cyber-shield/pkg/adinkra/security_hardening.go:86.25,88.3 1 0
github.com/EtherVerseCodeMate/giza-cyber-shield/pkg/adinkra/security_hardening.go:90.2,91.36 2 0
github.com/EtherVerseCodeMate/giza-cyber-shield/pkg/adinkra/security_hardening.go:91.36,94.3 2 0
github.com/EtherVerseCodeMate/giza-cyber-shield/pkg/adinkra/security_hardening.go:96.2,96.16 1 0
github.com/EtherVerseCodeMate/giza-cyber-shield/pkg/adinkra/security_hardening.go:100.36,101.20 1 0
github.com/EtherVerseCodeMate/giza-cyber-shield/pkg/adinkra/security_hardening.go:101.20,103.3 1 0
github.com/EtherVerseCodeMate/giza-cyber-shield/pkg/adinkra/security_hardening.go:104.2,104.22 1 0
github.com/EtherVerseCodeMate/giza-cyber-shield/pkg/adinkra/security_hardening.go:104.22,106.3 1 0
github.com/EtherVerseCodeMate/giza-cyber-shield/pkg/adinkra/security_hardening.go:107.2,107.25 1 0
github.com/EtherVerseCodeMate/giza-cyber-shield/pkg/adinkra/security_hardening.go:112.38,116.22 2 0
github.com/EtherVerseCodeMate/giza-cyber-shield/pkg/adinkra/security_hardening.go:116.22,118.3 1 0
github.com/EtherVerseCodeMate/giza-cyber-shield/pkg/adinkra/security_hardening.go:119.2,120.13 2 0
github.com/EtherVerseCodeMate/giza-cyber-shield/pkg/adinkra/security_hardening.go:134.40,142.2 3 0
github.com/EtherVerseCodeMate/giza-cyber-shield/pkg/adinkra/security_hardening.go:145.37,146.18 1 0
github.com/EtherVerseCodeMate/giza-cyber-shield/pkg/adinkra/security_hardening.go:146.18,147.40 1 0
github.com/EtherVerseCodeMate/giza-cyber-shield/pkg/adinkra/security_hardening.go:149.2,149.16 1 0
github.com/EtherVerseCodeMate/giza-cyber-shield/pkg/adinkra/security_hardening.go:153.32,154.17 1 0
github.com/EtherVerseCodeMate/giza-cyber-shield/pkg/adinkra/security_hardening.go:154.17,157.3 2 0
github.com/EtherVerseCodeMate/giza-cyber-shield/pkg/adinkra/security_hardening.go:161.40,162.18 1 0
github.com/EtherVerseCodeMate/giza-cyber-shield/pkg/adinkra/security_hardening.go:162.18,163.41 1 0
github.com/EtherVerseCodeMate/giza-cyber-shield/pkg/adinkra/security_hardening.go:165.2,167.15 3 0
github.com/EtherVerseCodeMate/giza-cyber-shield/pkg/adinkra/security_hardening.go:176.83,178.40 1 1
github.com/EtherVerseCodeMate/giza-cyber-shield/pkg/adinkra/security_hardening.go:178.40,180.3 1 0
github.com/EtherVerseCodeMate/giza-cyber-shield/pkg/adinkra/security_hardening.go:183.2,183.24 1 1
github.com/EtherVerseCodeMate/giza-cyber-shield/pkg/adinkra/security_hardening.go:183.24,185.3 1 0
github.com/EtherVerseCodeMate/giza-cyber-shield/pkg/adinkra/security_hardening.go:188.2,188.39 1 1
github.com/EtherVerseCodeMate/giza-cyber-shield/pkg/adinkra/security_hardening.go:188.39,190.3 1 0
github.com/EtherVerseCodeMate/giza-cyber-shield/pkg/adinkra/security_hardening.go:193.2,195.30 3 1
github.com/EtherVerseCodeMate/giza-cyber-shield/pkg/adinkra/security_hardening.go:195.30,196.13 1 1
github.com/EtherVerseCodeMate/giza-cyber-shield/pkg/adinkra/security_hardening.go:196.13,198.4 1 1
github.com/EtherVerseCodeMate/giza-cyber-shield/pkg/adinkra/security_hardening.go:199.3,199.16 1 1
github.com/EtherVerseCodeMate/giza-cyber-shield/pkg/adinkra/security_hardening.go:199.16,201.4 1 1
github.com/EtherVerseCodeMate/giza-cyber-shield/pkg/adinkra/security_hardening.go:203.2,203.22 1 1
github.com/EtherVerseCodeMate/giza-cyber-shield/pkg/adinkra/security_hardening.go:203.22,205.3 1 0
github.com/EtherVerseCodeMate/giza-cyber-shield/pkg/adinkra/security_hardening.go:207.2,207.12 1 1
github.com/EtherVerseCodeMate/giza-cyber-shield/pkg/adinkra/security_hardening.go:211.64,212.19 1 0
github.com/EtherVerseCodeMate/giza-cyber-shield/pkg/adinkra/security_hardening.go:212.19,214.3 1 0
github.com/EtherVerseCodeMate/giza-cyber-shield/pkg/adinkra/security_hardening.go:217.2,218.24 2 0
github.com/EtherVerseCodeMate/giza-cyber-shield/pkg/adinkra/security_hardening.go:218.24,219.26 1 0
github.com/EtherVerseCodeMate/giza-cyber-shield/pkg/adinkra/security_hardening.go:219.26,220.21 1 0
github.com/EtherVerseCodeMate/giza-cyber-shield/pkg/adinkra/security_hardening.go:220.21,222.5 1 0
github.com/EtherVerseCodeMate/giza-cyber-shield/pkg/adinkra/security_hardening.go:226.2,227.32 2 0
github.com/EtherVerseCodeMate/giza-cyber-shield/pkg/adinkra/security_hardening.go:227.32,229.3 1 0
github.com/EtherVerseCodeMate/giza-cyber-shield/pkg/adinkra/security_hardening.go:231.2,231.12 1 0
github.com/EtherVerseCodeMate/giza-cyber-shield/pkg/adinkra/security_hardening.go:240.60,242.18 1 0
github.com/EtherVerseCodeMate/giza-cyber-shield/pkg/adinkra/security_hardening.go:242.18,243.50 1 0
github.com/EtherVerseCodeMate/giza-cyber-shield/pkg/adinkra/security_hardening.go:247.2,252.15 4 0
github.com/EtherVerseCodeMate/giza-cyber-shield/pkg/adinkra/security_hardening.go:256.39,259.2 2 0
github.com/EtherVerseCodeMate/giza-cyber-shield/pkg/adinkra/security_hardening.go:267.62,268.30 1 0
github.com/EtherVerseCodeMate/giza-cyber-shield/pkg/adinkra/security_hardening.go:268.30,270.3 1 0
github.com/EtherVerseCodeMate/giza-cyber-shield/pkg/adinkra/security_hardening.go:271.2,271.32 1 0
github.com/EtherVerseCodeMate/giza-cyber-shield/pkg/adinkra/security_hardening.go:271.32,273.3 1 0
github.com/EtherVerseCodeMate/giza-cyber-shield/pkg/adinkra/security_hardening.go:275.2,275.28 1 0
github.com/EtherVerseCodeMate/giza-cyber-shield/pkg/adinkra/security_hardening.go:275.28,277.3 1 0
github.com/EtherVerseCodeMate/giza-cyber-shield/pkg/adinkra/security_hardening.go:278.2,278.12 1 0
github.com/EtherVerseCodeMate/giza-cyber-shield/pkg/adinkra/security_hardening.go:282.38,283.25 1 0
github.com/EtherVerseCodeMate/giza-cyber-shield/pkg/adinkra/security_hardening.go:283.25,285.3 1 0
github.com/EtherVerseCodeMate/giza-cyber-shield/pkg/adinkra/security_hardening.go:286.2,287.12 2 0
github.com/EtherVerseCodeMate/giza-cyber-shield/pkg/adinkra/security_hardening.go:296.95,298.29 2 0
github.com/EtherVerseCodeMate/giza-cyber-shield/pkg/adinkra/security_hardening.go:298.29,303.31 3 0
github.com/EtherVerseCodeMate/giza-cyber-shield/pkg/adinkra/security_hardening.go:303.31,305.4 1 0
github.com/EtherVerseCodeMate/giza-cyber-shield/pkg/adinkra/security_hardening.go:309.3,310.31 2 0
github.com/EtherVerseCodeMate/giza-cyber-shield/pkg/adinkra/security_hardening.go:310.31,312.4 1 0
github.com/EtherVerseCodeMate/giza-cyber-shield/pkg/adinkra/security_hardening.go:312.9,314.4 1 0
github.com/EtherVerseCodeMate/giza-cyber-shield/pkg/adinkra/security_hardening.go:316.3,316.18 1 0
github.com/EtherVerseCodeMate/giza-cyber-shield/pkg/adinkra/security_hardening.go:316.18,318.4 1 0
github.com/EtherVerseCodeMate/giza-cyber-shield/pkg/adinkra/security_hardening.go:323.2,323.24 1 0
github.com/EtherVerseCodeMate/giza-cyber-shield/pkg/adinkra/security_hardening.go:327.71,329.27 2 1
github.com/EtherVerseCodeMate/giza-cyber-shield/pkg/adinkra/security_hardening.go:329.27,331.3 1 1
github.com/EtherVerseCodeMate/giza-cyber-shield/pkg/adinkra/security_hardening.go:335.2,337.18 2 1
github.com/EtherVerseCodeMate/giza-cyber-shield/pkg/adinkra/security_hardening.go:345.74,346.27 1 0
github.com/EtherVerseCodeMate/giza-cyber-shield/pkg/adinkra/security_hardening.go:346.27,348.48 1 0
github.com/EtherVerseCodeMate/giza-cyber-shield/pkg/adinkra/security_hardening.go:348.48,350.4 1 0
github.com/EtherVerseCodeMate/giza-cyber-shield/pkg/adinkra/security_hardening.go:352.3,352.62 1 0
github.com/EtherVerseCodeMate/giza-cyber-shield/pkg/adinkra/security_hardening.go:354.2,354.12 1 0
github.com/EtherVerseCodeMate/giza-cyber-shield/pkg/adinkra/security_hardening.go:358.91,359.17 1 0
github.com/EtherVerseCodeMate/giza-cyber-shield/pkg/adinkra/security_hardening.go:359.17,361.3 1 0
github.com/EtherVerseCodeMate/giza-cyber-shield/pkg/adinkra/security_hardening.go:362.2,362.38 1 0
github.com/EtherVerseCodeMate/giza-cyber-shield/pkg/adinkra/security_hardening.go:362.38,364.3 1 0
github.com/EtherVerseCodeMate/giza-cyber-shield/pkg/adinkra/security_hardening.go:367.2,367.32 1 0
github.com/EtherVerseCodeMate/giza-cyber-shield/pkg/adinkra/security_hardening.go:367.32,368.52 1 0
github.com/EtherVerseCodeMate/giza-cyber-shield/pkg/adinkra/security_hardening.go:368.52,370.4 1 0
github.com/EtherVerseCodeMate/giza-cyber-shield/pkg/adinkra/security_hardening.go:373.2,373.12 1 0
github.com/EtherVerseCodeMate/giza-cyber-shield/pkg/adinkra/security_hardening.go:382.62,383.32 1 0
github.com/EtherVerseCodeMate/giza-cyber-shield/pkg/adinkra/security_hardening.go:383.32,385.3 1 0
github.com/EtherVerseCodeMate/giza-cyber-shield/pkg/adinkra/security_hardening.go:386.2,386.23 1 0
github.com/EtherVerseCodeMate/giza-cyber-shield/pkg/adinkra/security_hardening.go:386.23,388.3 1 0
github.com/EtherVerseCodeMate/giza-cyber-shield/pkg/adinkra/security_hardening.go:389.2,389.12 1 0
github.com/EtherVerseCodeMate/giza-cyber-shield/pkg/adinkra/security_hardening.go:394.54,400.19 3 0
github.com/EtherVerseCodeMate/giza-cyber-shield/pkg/adinkra/security_hardening.go:400.19,402.3 1 0
github.com/EtherVerseCodeMate/giza-cyber-shield/pkg/adinkra/security_hardening.go:403.2,403.12 1 0
github.com/EtherVerseCodeMate/giza-cyber-shield/pkg/adinkra/security_hardening.go:408.52,410.2 1 0
github.com/EtherVerseCodeMate/giza-cyber-shield/pkg/adinkra/security_hardening.go:417.36,419.2 1 0
github.com/EtherVerseCodeMate/giza-cyber-shield/pkg/adinkra/security_hardening.go:422.37,423.22 1 0
github.com/EtherVerseCodeMate/giza-cyber-shield/pkg/adinkra/security_hardening.go:423.22,424.22 1 0
github.com/EtherVerseCodeMate/giza-cyber-shield/pkg/adinkra/security_hardening.go:424.22,426.4 1 0
github.com/EtherVerseCodeMate/giza-cyber-shield/pkg/adinkra/security_hardening.go:427.3,427.11 1 0
github.com/EtherVerseCodeMate/giza-cyber-shield/pkg/adinkra/security_hardening.go:429.2,429.45 1 0
github.com/EtherVerseCodeMate/giza-cyber-shield/pkg/adinkra/security_hardening.go:438.48,439.16 1 0
github.com/EtherVerseCodeMate/giza-cyber-shield/pkg/adinkra/security_hardening.go:439.16,441.3 1 0
github.com/EtherVerseCodeMate/giza-cyber-shield/pkg/adinkra/security_hardening.go:443.2,443.12 1 0
github.com/EtherVerseCodeMate/giza-cyber-shield/pkg/adinkra/security_hardening.go:452.75,453.23 1 0
github.com/EtherVerseCodeMate/giza-cyber-shield/pkg/adinkra/security_hardening.go:453.23,455.3 1 0
github.com/EtherVerseCodeMate/giza-cyber-shield/pkg/adinkra/security_hardening.go:456.2,456.32 1 0
github.com/EtherVerseCodeMate/giza-cyber-shield/pkg/adinkra/security_hardening.go:456.32,458.3 1 0
github.com/EtherVerseCodeMate/giza-cyber-shield/pkg/adinkra/security_hardening.go:460.2,460.40 1 0
github.com/EtherVerseCodeMate/giza-cyber-shield/pkg/adinkra/security_hardening.go:460.40,462.3 1 0
github.com/EtherVerseCodeMate/giza-cyber-shield/pkg/adinkra/security_hardening.go:463.2,463.12 1 0
github.com/EtherVerseCodeMate/giza-cyber-shield/pkg/adinkra/security_hardening.go:479.62,484.2 2 0
github.com/EtherVerseCodeMate/giza-cyber-shield/pkg/adinkra/security_validation.go:14.56,15.15 1 1
github.com/EtherVerseCodeMate/giza-cyber-shield/pkg/adinkra/security_validation.go:15.15,17.3 1 0
github.com/EtherVerseCodeMate/giza-cyber-shield/pkg/adinkra/security_validation.go:20.2,20.31 1 1
github.com/EtherVerseCodeMate/giza-cyber-shield/pkg/adinkra/security_validation.go:20.31,22.3 1 0
github.com/EtherVerseCodeMate/giza-cyber-shield/pkg/adinkra/security_validation.go:23.2,23.32 1 1
github.com/EtherVerseCodeMate/giza-cyber-shield/pkg/adinkra/security_validation.go:23.32,25.3 1 0
github.com/EtherVerseCodeMate/giza-cyber-shield/pkg/adinkra/security_validation.go:26.2,26.64 1 1
github.com/EtherVerseCodeMate/giza-cyber-shield/pkg/adinkra/security_validation.go:26.64,29.3 1 0
github.com/EtherVerseCodeMate/giza-cyber-shield/pkg/adinkra/security_validation.go:32.2,32.55 1 1
github.com/EtherVerseCodeMate/giza-cyber-shield/pkg/adinkra/security_validation.go:32.55,35.3 1 0
github.com/EtherVerseCodeMate/giza-cyber-shield/pkg/adinkra/security_validation.go:36.2,36.57 1 1
github.com/EtherVerseCodeMate/giza-cyber-shield/pkg/adinkra/security_validation.go:36.57,39.3 1 0
github.com/EtherVerseCodeMate/giza-cyber-shield/pkg/adinkra/security_validation.go:42.2,42.47 1 1
github.com/EtherVerseCodeMate/giza-cyber-shield/pkg/adinkra/security_validation.go:42.47,45.3 1 0
github.com/EtherVerseCodeMate/giza-cyber-shield/pkg/adinkra/security_validation.go:46.2,46.49 1 1
github.com/EtherVerseCodeMate/giza-cyber-shield/pkg/adinkra/security_validation.go:46.49,49.3 1 0
github.com/EtherVerseCodeMate/giza-cyber-shield/pkg/adinkra/security_validation.go:52.2,52.27 1 1
github.com/EtherVerseCodeMate/giza-cyber-shield/pkg/adinkra/security_validation.go:52.27,54.3 1 0
github.com/EtherVerseCodeMate/giza-cyber-shield/pkg/adinkra/security_validation.go:55.2,55.28 1 1
github.com/EtherVerseCodeMate/giza-cyber-shield/pkg/adinkra/security_validation.go:55.28,57.3 1 0
github.com/EtherVerseCodeMate/giza-cyber-shield/pkg/adinkra/security_validation.go:58.2,58.45 1 1
github.com/EtherVerseCodeMate/giza-cyber-shield/pkg/adinkra/security_validation.go:58.45,60.3 1 0
github.com/EtherVerseCodeMate/giza-cyber-shield/pkg/adinkra/security_validation.go:61.2,61.73 1 1
github.com/EtherVerseCodeMate/giza-cyber-shield/pkg/adinkra/security_validation.go:61.73,63.3 1 0
github.com/EtherVerseCodeMate/giza-cyber-shield/pkg/adinkra/security_validation.go:66.2,66.20 1 1
github.com/EtherVerseCodeMate/giza-cyber-shield/pkg/adinkra/security_validation.go:66.20,68.3 1 0
github.com/EtherVerseCodeMate/giza-cyber-shield/pkg/adinkra/security_validation.go:69.2,69.22 1 1
github.com/EtherVerseCodeMate/giza-cyber-shield/pkg/adinkra/security_validation.go:69.22,71.3 1 0
github.com/EtherVerseCodeMate/giza-cyber-shield/pkg/adinkra/security_validation.go:73.2,73.12 1 1
github.com/EtherVerseCodeMate/giza-cyber-shield/pkg/adinkra/security_validation.go:77.64,78.21 1 0
github.com/EtherVerseCodeMate/giza-cyber-shield/pkg/adinkra/security_validation.go:78.21,80.3 1 0
github.com/EtherVerseCodeMate/giza-cyber-shield/pkg/adinkra/security_validation.go:82.2,82.41 1 0
github.com/EtherVerseCodeMate/giza-cyber-shield/pkg/adinkra/security_validation.go:82.41,85.3 1 0
github.com/EtherVerseCodeMate/giza-cyber-shield/pkg/adinkra/security_validation.go:89.2,89.29 1 0
github.com/EtherVerseCodeMate/giza-cyber-shield/pkg/adinkra/security_validation.go:89.29,91.3 1 0
github.com/EtherVerseCodeMate/giza-cyber-shield/pkg/adinkra/security_validation.go:94.2,94.98 1 0
github.com/EtherVerseCodeMate/giza-cyber-shield/pkg/adinkra/security_validation.go:94.98,97.3 1 0
github.com/EtherVerseCodeMate/giza-cyber-shield/pkg/adinkra/security_validation.go:98.2,98.104 1 0
github.com/EtherVerseCodeMate/giza-cyber-shield/pkg/adinkra/security_validation.go:98.104,101.3 1 0
github.com/EtherVerseCodeMate/giza-cyber-shield/pkg/adinkra/security_validation.go:104.2,104.94 1 0
github.com/EtherVerseCodeMate/giza-cyber-shield/pkg/adinkra/security_validation.go:104.94,107.3 1 0
github.com/EtherVerseCodeMate/giza-cyber-shield/pkg/adinkra/security_validation.go:109.2,109.12 1 0
github.com/EtherVerseCodeMate/giza-cyber-shield/pkg/adinkra/security_validation.go:113.75,114.16 1 0
github.com/EtherVerseCodeMate/giza-cyber-shield/pkg/adinkra/security_validation.go:114.16,116.3 1 0
github.com/EtherVerseCodeMate/giza-cyber-shield/pkg/adinkra/security_validation.go:119.2,119.34 1 0
github.com/EtherVerseCodeMate/giza-cyber-shield/pkg/adinkra/security_validation.go:119.34,121.3 1 0
github.com/EtherVerseCodeMate/giza-cyber-shield/pkg/adinkra/security_validation.go:124.2,124.40 1 0
github.com/EtherVerseCodeMate/giza-cyber-shield/pkg/adinkra/security_validation.go:124.40,126.3 1 0
github.com/EtherVerseCodeMate/giza-cyber-shield/pkg/adinkra/security_validation.go:129.2,129.17 1 0
github.com/EtherVerseCodeMate/giza-cyber-shield/pkg/adinkra/security_validation.go:129.17,131.65 2 0
github.com/EtherVerseCodeMate/giza-cyber-shield/pkg/adinkra/security_validation.go:131.65,133.4 1 0
github.com/EtherVerseCodeMate/giza-cyber-shield/pkg/adinkra/security_validation.go:136.3,136.66 1 0
github.com/EtherVerseCodeMate/giza-cyber-shield/pkg/adinkra/security_validation.go:136.66,138.4 1 0
github.com/EtherVerseCodeMate/giza-cyber-shield/pkg/adinkra/security_validation.go:141.2,141.12 1 0
github.com/EtherVerseCodeMate/giza-cyber-shield/pkg/adinkra/security_validation.go:145.56,146.17 1 1
github.com/EtherVerseCodeMate/giza-cyber-shield/pkg/adinkra/security_validation.go:146.17,148.3 1 0
github.com/EtherVerseCodeMate/giza-cyber-shield/pkg/adinkra/security_validation.go:149.2,149.20 1 1
github.com/EtherVerseCodeMate/giza-cyber-shield/pkg/adinkra/security_validation.go:149.20,151.3 1 0
github.com/EtherVerseCodeMate/giza-cyber-shield/pkg/adinkra/security_validation.go:152.2,152.40 1 1
github.com/EtherVerseCodeMate/giza-cyber-shield/pkg/adinkra/security_validation.go:152.40,155.3 1 0
github.com/EtherVerseCodeMate/giza-cyber-shield/pkg/adinkra/security_validation.go:156.2,156.12 1 1
github.com/EtherVerseCodeMate/giza-cyber-shield/pkg/adinkra/security_validation.go:160.35,162.34 1 0
github.com/EtherVerseCodeMate/giza-cyber-shield/pkg/adinkra/security_validation.go:162.34,165.3 1 0
github.com/EtherVerseCodeMate/giza-cyber-shield/pkg/adinkra/security_validation.go:166.2,166.27 1 0
github.com/EtherVerseCodeMate/giza-cyber-shield/pkg/adinkra/security_validation.go:166.27,168.3 1 0
github.com/EtherVerseCodeMate/giza-cyber-shield/pkg/adinkra/security_validation.go:169.2,169.27 1 0
github.com/EtherVerseCodeMate/giza-cyber-shield/pkg/adinkra/security_validation.go:169.27,172.3 1 0
github.com/EtherVerseCodeMate/giza-cyber-shield/pkg/adinkra/security_validation.go:175.2,175.65 1 0
github.com/EtherVerseCodeMate/giza-cyber-shield/pkg/adinkra/security_validation.go:175.65,177.3 1 0
github.com/EtherVerseCodeMate/giza-cyber-shield/pkg/adinkra/security_validation.go:178.2,178.57 1 0
github.com/EtherVerseCodeMate/giza-cyber-shield/pkg/adinkra/security_validation.go:178.57,180.3 1 0
github.com/EtherVerseCodeMate/giza-cyber-shield/pkg/adinkra/security_validation.go:182.2,182.12 1 0
github.com/EtherVerseCodeMate/giza-cyber-shield/pkg/agent/agent.go:31.111,41.6 6 0
github.com/EtherVerseCodeMate/giza-cyber-shield/pkg/agent/agent.go:41.6,43.16 2 0
github.com/EtherVerseCodeMate/giza-cyber-shield/pkg/agent/agent.go:44.24,45.24 1 0
github.com/EtherVerseCodeMate/giza-cyber-shield/pkg/agent/agent.go:46.31,48.14 2 0
github.com/EtherVerseCodeMate/giza-cyber-shield/pkg/agent/agent.go:52.2,53.17 2 0
github.com/EtherVerseCodeMate/giza-cyber-shield/pkg/agent/agent.go:57.53,60.16 2 0
github.com/EtherVerseCodeMate/giza-cyber-shield/pkg/agent/agent.go:60.16,62.3 1 0
github.com/EtherVerseCodeMate/giza-cyber-shield/pkg/agent/agent.go:63.2,69.16 5 0
github.com/EtherVerseCodeMate/giza-cyber-shield/pkg/agent/agent.go:69.16,73.3 2 0
github.com/EtherVerseCodeMate/giza-cyber-shield/pkg/agent/agent.go:74.2,75.64 2 0
github.com/EtherVerseCodeMate/giza-cyber-shield/pkg/agent/agent.go:75.64,78.3 2 0
github.com/EtherVerseCodeMate/giza-cyber-shield/pkg/agent/agent.go:80.2,86.6 4 0
github.com/EtherVerseCodeMate/giza-cyber-shield/pkg/agent/agent.go:86.6,87.10 1 0
github.com/EtherVerseCodeMate/giza-cyber-shield/pkg/agent/agent.go:88.21,90.10 2 0
github.com/EtherVerseCodeMate/giza-cyber-shield/pkg/agent/agent.go:91.19,94.18 2 0
github.com/EtherVerseCodeMate/giza-cyber-shield/pkg/agent/agent.go:94.18,96.13 2 0
github.com/EtherVerseCodeMate/giza-cyber-shield/pkg/agent/agent.go:100.4,103.23 2 0
github.com/EtherVerseCodeMate/giza-cyber-shield/pkg/agent/agent.go:103.23,107.5 2 0
github.com/EtherVerseCodeMate/giza-cyber-shield/pkg/agent/agent.go:107.11,110.5 0 0
github.com/EtherVerseCodeMate/giza-cyber-shield/pkg/agent/agent.go:116.43,118.16 2 0
github.com/EtherVerseCodeMate/giza-cyber-shield/pkg/agent/agent.go:118.16,120.3 1 0
github.com/EtherVerseCodeMate/giza-cyber-shield/pkg/agent/agent.go:121.2,124.16 3 0
github.com/EtherVerseCodeMate/giza-cyber-shield/pkg/agent/agent.go:124.16,127.3 2 0
github.com/EtherVerseCodeMate/giza-cyber-shield/pkg/agent/agent.go:130.2,150.16 4 0
github.com/EtherVerseCodeMate/giza-cyber-shield/pkg/agent/agent.go:150.16,152.3 1 0
github.com/EtherVerseCodeMate/giza-cyber-shield/pkg/agent/agent.go:153.2,157.12 3 0
github.com/EtherVerseCodeMate/giza-cyber-shield/pkg/agent/agent.go:161.28,163.16 2 0
github.com/EtherVerseCodeMate/giza-cyber-shield/pkg/agent/agent.go:163.16,165.3 1 0
github.com/EtherVerseCodeMate/giza-cyber-shield/pkg/agent/agent.go:166.2,168.16 3 0
github.com/EtherVerseCodeMate/giza-cyber-shield/pkg/agent/agent.go:168.16,170.3 1 0
github.com/EtherVerseCodeMate/giza-cyber-shield/pkg/agent/agent.go:171.2,173.19 3 0
github.com/EtherVerseCodeMate/giza-cyber-shield/pkg/agent/agent.go:177.35,179.16 2 0
github.com/EtherVerseCodeMate/giza-cyber-shield/pkg/agent/agent.go:179.16,181.3 1 0
github.com/EtherVerseCodeMate/giza-cyber-shield/pkg/agent/agent.go:182.2,184.16 3 0
github.com/EtherVerseCodeMate/giza-cyber-shield/pkg/agent/agent.go:184.16,186.3 1 0
github.com/EtherVerseCodeMate/giza-cyber-shield/pkg/agent/agent.go:187.2,188.18 2 0
github.com/EtherVerseCodeMate/giza-cyber-shield/pkg/agent/agent.go:192.26,195.16 2 0
github.com/EtherVerseCodeMate/giza-cyber-shield/pkg/agent/agent.go:195.16,197.3 1 0
github.com/EtherVerseCodeMate/giza-cyber-shield/pkg/agent/agent.go:199.2,199.19 1 0
github.com/EtherVerseCodeMate/giza-cyber-shield/pkg/agent/agent.go:199.19,206.3 4 0
github.com/EtherVerseCodeMate/giza-cyber-shield/pkg/agent/agent.go:206.8,209.3 1 0
github.com/EtherVerseCodeMate/giza-cyber-shield/pkg/agent/agent.go:212.60,214.13 2 0
github.com/EtherVerseCodeMate/giza-cyber-shield/pkg/agent/agent.go:214.13,216.3 1 0
github.com/EtherVerseCodeMate/giza-cyber-shield/pkg/agent/agent.go:216.8,218.3 1 0
github.com/EtherVerseCodeMate/giza-cyber-shield/pkg/agent/agent.go:219.2,222.13 3 0
github.com/EtherVerseCodeMate/giza-cyber-shield/pkg/agent/agent.go:222.13,224.3 1 0
github.com/EtherVerseCodeMate/giza-cyber-shield/pkg/agent/agent.go:226.2,227.16 2 0
github.com/EtherVerseCodeMate/giza-cyber-shield/pkg/agent/agent.go:227.16,230.3 2 0
github.com/EtherVerseCodeMate/giza-cyber-shield/pkg/agent/agent.go:231.2,231.53 1 0
github.com/EtherVerseCodeMate/giza-cyber-shield/pkg/agent/heartbeat_status.go:32.71,35.21 2 1
github.com/EtherVerseCodeMate/giza-cyber-shield/pkg/agent/heartbeat_status.go:36.21,38.27 2 1
github.com/EtherVerseCodeMate/giza-cyber-shield/pkg/agent/heartbeat_status.go:41.23,42.32 1 1
github.com/EtherVerseCodeMate/giza-cyber-shield/pkg/agent/heartbeat_status.go:42.32,44.4 1 1
github.com/EtherVerseCodeMate/giza-cyber-shield/pkg/agent/heartbeat_status.go:46.20,47.32 1 1
github.com/EtherVerseCodeMate/giza-cyber-shield/pkg/agent/heartbeat_status.go:47.32,49.4 1 1
github.com/EtherVerseCodeMate/giza-cyber-shield/pkg/agent/heartbeat_status.go:54.43,56.2 1 1
github.com/EtherVerseCodeMate/giza-cyber-shield/pkg/config/config.go:29.35,30.32 1 1
github.com/EtherVerseCodeMate/giza-cyber-shield/pkg/config/config.go:30.32,32.3 1 1
github.com/EtherVerseCodeMate/giza-cyber-shield/pkg/config/config.go:33.2,33.12 1 1
github.com/EtherVerseCodeMate/giza-cyber-shield/pkg/config/config.go:35.39,36.32 1 1
github.com/EtherVerseCodeMate/giza-cyber-shield/pkg/config/config.go:36.32,37.44 1 0
github.com/EtherVerseCodeMate/giza-cyber-shield/pkg/config/config.go:37.44,39.4 1 0
github.com/EtherVerseCodeMate/giza-cyber-shield/pkg/config/config.go:41.2,41.12 1 1
github.com/EtherVerseCodeMate/giza-cyber-shield/pkg/config/config.go:44.20,68.2 1 1
github.com/EtherVerseCodeMate/giza-cyber-shield/pkg/config/secrets.go:22.87,24.16 2 0
github.com/EtherVerseCodeMate/giza-cyber-shield/pkg/config/secrets.go:24.16,26.3 1 0
github.com/EtherVerseCodeMate/giza-cyber-shield/pkg/config/secrets.go:28.2,29.16 2 0
github.com/EtherVerseCodeMate/giza-cyber-shield/pkg/config/secrets.go:29.16,31.3 1 0
github.com/EtherVerseCodeMate/giza-cyber-shield/pkg/config/secrets.go:33.2,34.16 2 0
github.com/EtherVerseCodeMate/giza-cyber-shield/pkg/config/secrets.go:34.16,36.3 1 0
github.com/EtherVerseCodeMate/giza-cyber-shield/pkg/config/secrets.go:38.2,39.33 2 0
github.com/EtherVerseCodeMate/giza-cyber-shield/pkg/config/secrets.go:39.33,41.3 1 0
github.com/EtherVerseCodeMate/giza-cyber-shield/pkg/config/secrets.go:43.2,45.16 3 0
github.com/EtherVerseCodeMate/giza-cyber-shield/pkg/config/secrets.go:45.16,48.3 1 0
github.com/EtherVerseCodeMate/giza-cyber-shield/pkg/config/secrets.go:50.2,51.59 2 0
github.com/EtherVerseCodeMate/giza-cyber-shield/pkg/config/secrets.go:51.59,53.3 1 0
github.com/EtherVerseCodeMate/giza-cyber-shield/pkg/config/secrets.go:57.2,57.27 1 0
github.com/EtherVerseCodeMate/giza-cyber-shield/pkg/config/secrets.go:57.27,59.3 1 0
github.com/EtherVerseCodeMate/giza-cyber-shield/pkg/config/secrets.go:61.2,61.21 1 0
github.com/EtherVerseCodeMate/giza-cyber-shield/pkg/config/secrets.go:66.31,67.14 1 0
github.com/EtherVerseCodeMate/giza-cyber-shield/pkg/config/secrets.go:67.14,69.3 1 0
github.com/EtherVerseCodeMate/giza-cyber-shield/pkg/config/secrets.go:70.2,73.28 4 0
github.com/EtherVerseCodeMate/giza-cyber-shield/pkg/config/secrets.go:76.26,77.19 1 0
github.com/EtherVerseCodeMate/giza-cyber-shield/pkg/config/secrets.go:77.19,79.3 1 0
github.com/EtherVerseCodeMate/giza-cyber-shield/pkg/config/storage.go:19.54,24.16 3 0
github.com/EtherVerseCodeMate/giza-cyber-shield/pkg/config/storage.go:24.16,26.3 1 0
github.com/EtherVerseCodeMate/giza-cyber-shield/pkg/config/storage.go:29.2,30.16 2 0
github.com/EtherVerseCodeMate/giza-cyber-shield/pkg/config/storage.go:30.16,31.25 1 0
github.com/EtherVerseCodeMate/giza-cyber-shield/pkg/config/storage.go:31.25,33.53 1 0
github.com/EtherVerseCodeMate/giza-cyber-shield/pkg/config/storage.go:33.53,35.5 1 0
github.com/EtherVerseCodeMate/giza-cyber-shield/pkg/config/storage.go:37.4,37.46 1 0
github.com/EtherVerseCodeMate/giza-cyber-shield/pkg/config/storage.go:37.46,39.5 1 0
github.com/EtherVerseCodeMate/giza-cyber-shield/pkg/config/storage.go:40.9,42.4 1 0
github.com/EtherVerseCodeMate/giza-cyber-shield/pkg/config/storage.go:43.8,45.20 1 0
github.com/EtherVerseCodeMate/giza-cyber-shield/pkg/config/storage.go:45.20,47.4 1 0
github.com/EtherVerseCodeMate/giza-cyber-shield/pkg/config/storage.go:51.2,53.16 3 0
github.com/EtherVerseCodeMate/giza-cyber-shield/pkg/config/storage.go:53.16,55.3 1 0
github.com/EtherVerseCodeMate/giza-cyber-shield/pkg/config/storage.go:56.2,59.21 3 0
github.com/EtherVerseCodeMate/giza-cyber-shield/pkg/config/storage.go:66.49,68.16 2 0
github.com/EtherVerseCodeMate/giza-cyber-shield/pkg/config/storage.go:68.16,69.162 1 0
github.com/EtherVerseCodeMate/giza-cyber-shield/pkg/config/storage.go:71.2,71.16 1 0
github.com/EtherVerseCodeMate/giza-cyber-shield/pkg/auth/provider.go:97.36,101.2 1 1
github.com/EtherVerseCodeMate/giza-cyber-shield/pkg/auth/provider.go:104.82,105.21 1 1
github.com/EtherVerseCodeMate/giza-cyber-shield/pkg/auth/provider.go:105.21,107.3 1 1
github.com/EtherVerseCodeMate/giza-cyber-shield/pkg/auth/provider.go:108.2,109.12 2 1
github.com/EtherVerseCodeMate/giza-cyber-shield/pkg/auth/provider.go:113.53,114.43 1 1
github.com/EtherVerseCodeMate/giza-cyber-shield/pkg/auth/provider.go:114.43,116.3 1 1
github.com/EtherVerseCodeMate/giza-cyber-shield/pkg/auth/provider.go:117.2,118.12 2 1
github.com/EtherVerseCodeMate/giza-cyber-shield/pkg/auth/provider.go:122.93,124.13 2 0
github.com/EtherVerseCodeMate/giza-cyber-shield/pkg/auth/provider.go:124.13,126.3 1 0
github.com/EtherVerseCodeMate/giza-cyber-shield/pkg/auth/provider.go:127.2,127.42 1 0
github.com/EtherVerseCodeMate/giza-cyber-shield/pkg/auth/provider.go:131.109,133.13 2 0
github.com/EtherVerseCodeMate/giza-cyber-shield/pkg/auth/provider.go:133.13,135.3 1 0
github.com/EtherVerseCodeMate/giza-cyber-shield/pkg/auth/provider.go:136.2,136.42 1 0
github.com/EtherVerseCodeMate/giza-cyber-shield/pkg/auth/provider.go:140.87,141.40 1 0
github.com/EtherVerseCodeMate/giza-cyber-shield/pkg/auth/provider.go:141.40,143.26 2 0
github.com/EtherVerseCodeMate/giza-cyber-shield/pkg/auth/provider.go:143.26,145.4 1 0
github.com/EtherVerseCodeMate/giza-cyber-shield/pkg/auth/provider.go:147.2,147.19 1 0
github.com/EtherVerseCodeMate/giza-cyber-shield/pkg/auth/provider.go:151.38,153.40 2 0
github.com/EtherVerseCodeMate/giza-cyber-shield/pkg/auth/provider.go:153.40,154.42 1 0
github.com/EtherVerseCodeMate/giza-cyber-shield/pkg/auth/provider.go:154.42,156.4 1 0
github.com/EtherVerseCodeMate/giza-cyber-shield/pkg/auth/provider.go:158.2,158.16 1 0
github.com/EtherVerseCodeMate/giza-cyber-shield/pkg/auth/provider.go:173.45,175.2 1 1
github.com/EtherVerseCodeMate/giza-cyber-shield/pkg/auth/provider.go:178.42,180.2 1 1
github.com/EtherVerseCodeMate/giza-cyber-shield/pkg/auth/provider.go:205.52,209.2 1 1
github.com/EtherVerseCodeMate/giza-cyber-shield/pkg/auth/provider.go:212.61,213.21 1 1
github.com/EtherVerseCodeMate/giza-cyber-shield/pkg/auth/provider.go:213.21,215.3 1 0
github.com/EtherVerseCodeMate/giza-cyber-shield/pkg/auth/provider.go:216.2,217.12 2 1
github.com/EtherVerseCodeMate/giza-cyber-shield/pkg/auth/provider.go:221.98,222.37 1 1
github.com/EtherVerseCodeMate/giza-cyber-shield/pkg/auth/provider.go:222.37,224.14 2 1
github.com/EtherVerseCodeMate/giza-cyber-shield/pkg/auth/provider.go:224.14,225.12 1 0
github.com/EtherVerseCodeMate/giza-cyber-shield/pkg/auth/provider.go:228.3,228.41 1 1
github.com/EtherVerseCodeMate/giza-cyber-shield/pkg/auth/provider.go:228.41,229.58 1 1
github.com/EtherVerseCodeMate/giza-cyber-shield/pkg/auth/provider.go:229.58,231.5 1 1
github.com/EtherVerseCodeMate/giza-cyber-shield/pkg/auth/provider.go:233.4,233.53 1 1
github.com/EtherVerseCodeMate/giza-cyber-shield/pkg/auth/provider.go:233.53,235.5 1 1
github.com/EtherVerseCodeMate/giza-cyber-shield/pkg/auth/provider.go:237.4,237.55 1 1
github.com/EtherVerseCodeMate/giza-cyber-shield/pkg/auth/provider.go:237.55,239.5 1 1
github.com/EtherVerseCodeMate/giza-cyber-shield/pkg/auth/provider.go:242.2,242.14 1 1
github.com/EtherVerseCodeMate/giza-cyber-shield/pkg/auth/provider.go:320.41,322.2 1 1
github.com/EtherVerseCodeMate/giza-cyber-shield/pkg/auth/provider.go:325.50,326.29 1 1
github.com/EtherVerseCodeMate/giza-cyber-shield/pkg/auth/provider.go:326.29,327.16 1 1
github.com/EtherVerseCodeMate/giza-cyber-shield/pkg/auth/provider.go:327.16,329.4 1 1
github.com/EtherVerseCodeMate/giza-cyber-shield/pkg/auth/provider.go:331.2,331.14 1 1
github.com/EtherVerseCodeMate/giza-cyber-shield/pkg/auth/provider.go:335.75,336.38 1 1
github.com/EtherVerseCodeMate/giza-cyber-shield/pkg/auth/provider.go:336.38,337.57 1 1
github.com/EtherVerseCodeMate/giza-cyber-shield/pkg/auth/provider.go:337.57,339.4 1 1
github.com/EtherVerseCodeMate/giza-cyber-shield/pkg/auth/provider.go:341.2,341.14 1 1
github.com/EtherVerseCodeMate/giza-cyber-shield/pkg/auth/provider.go:362.34,364.2 1 1
github.com/EtherVerseCodeMate/giza-cyber-shield/pkg/auth/provider.go:372.42,376.2 1 1
github.com/EtherVerseCodeMate/giza-cyber-shield/pkg/auth/provider.go:379.106,392.2 3 1
github.com/EtherVerseCodeMate/giza-cyber-shield/pkg/auth/provider.go:395.74,397.13 2 1
github.com/EtherVerseCodeMate/giza-cyber-shield/pkg/auth/provider.go:397.13,399.3 1 1
github.com/EtherVerseCodeMate/giza-cyber-shield/pkg/auth/provider.go:401.2,401.24 1 1
github.com/EtherVerseCodeMate/giza-cyber-shield/pkg/auth/provider.go:401.24,404.3 2 0
github.com/EtherVerseCodeMate/giza-cyber-shield/pkg/auth/provider.go:407.2,408.21 2 1
github.com/EtherVerseCodeMate/giza-cyber-shield/pkg/auth/provider.go:412.69,415.2 2 1
github.com/EtherVerseCodeMate/giza-cyber-shield/pkg/auth/provider.go:418.33,421.2 1 1
github.com/EtherVerseCodeMate/giza-cyber-shield/pkg/auth/providers.go:36.77,37.52 1 0
github.com/EtherVerseCodeMate/giza-cyber-shield/pkg/auth/providers.go:37.52,39.3 1 0
github.com/EtherVerseCodeMate/giza-cyber-shield/pkg/auth/providers.go:41.2,42.18 2 0
github.com/EtherVerseCodeMate/giza-cyber-shield/pkg/auth/providers.go:42.18,44.3 1 0
github.com/EtherVerseCodeMate/giza-cyber-shield/pkg/auth/providers.go:46.2,58.8 1 0
github.com/EtherVerseCodeMate/giza-cyber-shield/pkg/auth/providers.go:62.98,74.16 4 0
github.com/EtherVerseCodeMate/giza-cyber-shield/pkg/auth/providers.go:74.16,76.3 1 0
github.com/EtherVerseCodeMate/giza-cyber-shield/pkg/auth/providers.go:77.2,80.16 3 0
github.com/EtherVerseCodeMate/giza-cyber-shield/pkg/auth/providers.go:80.16,82.3 1 0
github.com/EtherVerseCodeMate/giza-cyber-shield/pkg/auth/providers.go:83.2,85.38 2 0
github.com/EtherVerseCodeMate/giza-cyber-shield/pkg/auth/providers.go:85.38,88.3 2 0
github.com/EtherVerseCodeMate/giza-cyber-shield/pkg/auth/providers.go:90.2,95.70 2 0
github.com/EtherVerseCodeMate/giza-cyber-shield/pkg/auth/providers.go:95.70,97.3 1 0
github.com/EtherVerseCodeMate/giza-cyber-shield/pkg/auth/providers.go:100.2,101.21 2 0
github.com/EtherVerseCodeMate/giza-cyber-shield/pkg/auth/providers.go:101.21,103.3 1 0
github.com/EtherVerseCodeMate/giza-cyber-shield/pkg/auth/providers.go:106.2,109.28 3 0
github.com/EtherVerseCodeMate/giza-cyber-shield/pkg/auth/providers.go:109.28,110.12 1 0
github.com/EtherVerseCodeMate/giza-cyber-shield/pkg/auth/providers.go:111.12,112.20 1 0
github.com/EtherVerseCodeMate/giza-cyber-shield/pkg/auth/providers.go:113.12,114.20 1 0
github.com/EtherVerseCodeMate/giza-cyber-shield/pkg/auth/providers.go:115.11,116.24 1 0
github.com/EtherVerseCodeMate/giza-cyber-shield/pkg/auth/providers.go:120.2,130.8 2 0
github.com/EtherVerseCodeMate/giza-cyber-shield/pkg/auth/providers.go:134.100,145.16 4 0
github.com/EtherVerseCodeMate/giza-cyber-shield/pkg/auth/providers.go:145.16,147.3 1 0
github.com/EtherVerseCodeMate/giza-cyber-shield/pkg/auth/providers.go:148.2,151.16 3 0
github.com/EtherVerseCodeMate/giza-cyber-shield/pkg/auth/providers.go:151.16,153.3 1 0
github.com/EtherVerseCodeMate/giza-cyber-shield/pkg/auth/providers.go:154.2,160.70 3 0
github.com/EtherVerseCodeMate/giza-cyber-shield/pkg/auth/providers.go:160.70,162.3 1 0
github.com/EtherVerseCodeMate/giza-cyber-shield/pkg/auth/providers.go:164.2,164.35 1 0
github.com/EtherVerseCodeMate/giza-cyber-shield/pkg/auth/providers.go:168.92,172.21 2 0
github.com/EtherVerseCodeMate/giza-cyber-shield/pkg/auth/providers.go:172.21,174.3 1 0
github.com/EtherVerseCodeMate/giza-cyber-shield/pkg/auth/providers.go:175.2,175.18 1 0
github.com/EtherVerseCodeMate/giza-cyber-shield/pkg/auth/providers.go:179.88,182.2 1 0
github.com/EtherVerseCodeMate/giza-cyber-shield/pkg/auth/providers.go:185.77,188.2 1 0
github.com/EtherVerseCodeMate/giza-cyber-shield/pkg/auth/providers.go:191.79,194.2 1 0
github.com/EtherVerseCodeMate/giza-cyber-shield/pkg/auth/providers.go:197.82,199.2 1 0
github.com/EtherVerseCodeMate/giza-cyber-shield/pkg/auth/providers.go:202.79,204.2 1 0
github.com/EtherVerseCodeMate/giza-cyber-shield/pkg/auth/providers.go:207.95,209.2 1 0
github.com/EtherVerseCodeMate/giza-cyber-shield/pkg/auth/providers.go:212.95,214.2 1 0
github.com/EtherVerseCodeMate/giza-cyber-shield/pkg/auth/providers.go:217.128,219.2 1 0
github.com/EtherVerseCodeMate/giza-cyber-shield/pkg/auth/providers.go:240.62,241.34 1 0
github.com/EtherVerseCodeMate/giza-cyber-shield/pkg/auth/providers.go:241.34,243.3 1 0
github.com/EtherVerseCodeMate/giza-cyber-shield/pkg/auth/providers.go:245.2,246.18 2 0
github.com/EtherVerseCodeMate/giza-cyber-shield/pkg/auth/providers.go:246.18,248.3 1 0
github.com/EtherVerseCodeMate/giza-cyber-shield/pkg/auth/providers.go:250.2,261.8 1 0
github.com/EtherVerseCodeMate/giza-cyber-shield/pkg/auth/providers.go:265.93,268.26 1 0
github.com/EtherVerseCodeMate/giza-cyber-shield/pkg/auth/providers.go:268.26,270.3 1 0
github.com/EtherVerseCodeMate/giza-cyber-shield/pkg/auth/providers.go:274.2,280.18 2 0
github.com/EtherVerseCodeMate/giza-cyber-shield/pkg/auth/providers.go:284.95,286.2 1 0
github.com/EtherVerseCodeMate/giza-cyber-shield/pkg/auth/providers.go:289.87,291.21 1 0
github.com/EtherVerseCodeMate/giza-cyber-shield/pkg/auth/providers.go:291.22,293.3 0 0
github.com/EtherVerseCodeMate/giza-cyber-shield/pkg/auth/providers.go:294.2,294.18 1 0
github.com/EtherVerseCodeMate/giza-cyber-shield/pkg/auth/providers.go:298.83,300.2 1 0
github.com/EtherVerseCodeMate/giza-cyber-shield/pkg/auth/providers.go:302.72,304.2 1 0
github.com/EtherVerseCodeMate/giza-cyber-shield/pkg/auth/providers.go:306.74,308.2 1 0
github.com/EtherVerseCodeMate/giza-cyber-shield/pkg/auth/providers.go:310.77,312.2 1 0
github.com/EtherVerseCodeMate/giza-cyber-shield/pkg/auth/providers.go:314.74,316.2 1 0
github.com/EtherVerseCodeMate/giza-cyber-shield/pkg/auth/providers.go:318.90,320.2 1 0
github.com/EtherVerseCodeMate/giza-cyber-shield/pkg/auth/providers.go:322.90,324.2 1 0
github.com/EtherVerseCodeMate/giza-cyber-shield/pkg/auth/providers.go:326.123,328.2 1 0
github.com/EtherVerseCodeMate/giza-cyber-shield/pkg/auth/providers.go:340.40,348.2 1 1
github.com/EtherVerseCodeMate/giza-cyber-shield/pkg/auth/providers.go:351.95,353.13 2 1
github.com/EtherVerseCodeMate/giza-cyber-shield/pkg/auth/providers.go:353.13,355.3 1 0
github.com/EtherVerseCodeMate/giza-cyber-shield/pkg/auth/providers.go:358.2,358.31 1 1
github.com/EtherVerseCodeMate/giza-cyber-shield/pkg/auth/providers.go:358.31,360.3 1 0
github.com/EtherVerseCodeMate/giza-cyber-shield/pkg/auth/providers.go:362.2,362.18 1 1
github.com/EtherVerseCodeMate/giza-cyber-shield/pkg/auth/providers.go:366.97,368.2 1 0
github.com/EtherVerseCodeMate/giza-cyber-shield/pkg/auth/providers.go:371.89,373.2 1 0
github.com/EtherVerseCodeMate/giza-cyber-shield/pkg/auth/providers.go:376.85,377.32 1 1
github.com/EtherVerseCodeMate/giza-cyber-shield/pkg/auth/providers.go:377.32,378.24 1 1
github.com/EtherVerseCodeMate/giza-cyber-shield/pkg/auth/providers.go:378.24,380.4 1 1
github.com/EtherVerseCodeMate/giza-cyber-shield/pkg/auth/providers.go:382.2,382.42 1 0
github.com/EtherVerseCodeMate/giza-cyber-shield/pkg/auth/providers.go:386.74,388.32 2 1
github.com/EtherVerseCodeMate/giza-cyber-shield/pkg/auth/providers.go:388.32,390.3 1 1
github.com/EtherVerseCodeMate/giza-cyber-shield/pkg/auth/providers.go:391.2,391.19 1 1
github.com/EtherVerseCodeMate/giza-cyber-shield/pkg/auth/providers.go:395.76,396.19 1 1
github.com/EtherVerseCodeMate/giza-cyber-shield/pkg/auth/providers.go:396.19,398.3 1 0
github.com/EtherVerseCodeMate/giza-cyber-shield/pkg/auth/providers.go:399.2,400.12 2 1
github.com/EtherVerseCodeMate/giza-cyber-shield/pkg/auth/providers.go:404.79,405.39 1 1
github.com/EtherVerseCodeMate/giza-cyber-shield/pkg/auth/providers.go:405.39,406.24 1 1
github.com/EtherVerseCodeMate/giza-cyber-shield/pkg/auth/providers.go:406.24,409.4 2 1
github.com/EtherVerseCodeMate/giza-cyber-shield/pkg/auth/providers.go:411.2,411.37 1 0
github.com/EtherVerseCodeMate/giza-cyber-shield/pkg/auth/providers.go:415.76,416.47 1 0
github.com/EtherVerseCodeMate/giza-cyber-shield/pkg/auth/providers.go:416.47,417.33 1 0
github.com/EtherVerseCodeMate/giza-cyber-shield/pkg/auth/providers.go:417.33,420.4 2 0
github.com/EtherVerseCodeMate/giza-cyber-shield/pkg/auth/providers.go:422.2,422.37 1 0
github.com/EtherVerseCodeMate/giza-cyber-shield/pkg/auth/providers.go:426.92,427.32 1 1
github.com/EtherVerseCodeMate/giza-cyber-shield/pkg/auth/providers.go:427.32,428.24 1 1
github.com/EtherVerseCodeMate/giza-cyber-shield/pkg/auth/providers.go:428.24,431.4 2 1
github.com/EtherVerseCodeMate/giza-cyber-shield/pkg/auth/providers.go:433.2,433.37 1 0
github.com/EtherVerseCodeMate/giza-cyber-shield/pkg/auth/providers.go:437.92,438.32 1 1
github.com/EtherVerseCodeMate/giza-cyber-shield/pkg/auth/providers.go:438.32,439.24 1 1
github.com/EtherVerseCodeMate/giza-cyber-shield/pkg/auth/providers.go:439.24,441.33 2 1
github.com/EtherVerseCodeMate/giza-cyber-shield/pkg/auth/providers.go:441.33,442.18 1 1
github.com/EtherVerseCodeMate/giza-cyber-shield/pkg/auth/providers.go:442.18,444.6 1 0
github.com/EtherVerseCodeMate/giza-cyber-shield/pkg/auth/providers.go:446.4,447.14 2 1
github.com/EtherVerseCodeMate/giza-cyber-shield/pkg/auth/providers.go:450.2,450.37 1 0
github.com/EtherVerseCodeMate/giza-cyber-shield/pkg/auth/providers.go:454.125,456.2 1 0
github.com/EtherVerseCodeMate/giza-cyber-shield/pkg/connectors/ckl.go:32.44,34.16 2 1
github.com/EtherVerseCodeMate/giza-cyber-shield/pkg/connectors/ckl.go:34.16,36.3 1 0
github.com/EtherVerseCodeMate/giza-cyber-shield/pkg/connectors/ckl.go:37.2,41.49 4 1
github.com/EtherVerseCodeMate/giza-cyber-shield/pkg/connectors/ckl.go:41.49,43.3 1 0
[...]
github.com/EtherVerseCodeMate/giza-cyber-shield/pkg/forensics/collector.go:195.85,213.12 6 1
github.com/EtherVerseCodeMate/giza-cyber-shield/pkg/forensics/collector.go:213.12,219.3 5 1
github.com/EtherVerseCodeMate/giza-cyber-shield/pkg/forensics/collector.go:222.2,223.12 2 1
github.com/EtherVerseCodeMate/giza-cyber-shield/pkg/forensics/collector.go:223.12,229.3 5 1
github.com/EtherVerseCodeMate/giza-cyber-shield/pkg/forensics/collector.go:232.2,233.12 2 1
github.com/EtherVerseCodeMate/giza-cyber-shield/pkg/forensics/collector.go:233.12,239.3 5 1
github.com/EtherVerseCodeMate/giza-cyber-shield/pkg/forensics/collector.go:242.2,243.12 2 1
github.com/EtherVerseCodeMate/giza-cyber-shield/pkg/forensics/collector.go:243.12,249.3 5 1
github.com/EtherVerseCodeMate/giza-cyber-shield/pkg/forensics/collector.go:252.2,253.12 2 1
github.com/EtherVerseCodeMate/giza-cyber-shield/pkg/forensics/collector.go:253.12,259.3 5 1
github.com/EtherVerseCodeMate/giza-cyber-shield/pkg/forensics/collector.go:262.2,263.12 2 1
github.com/EtherVerseCodeMate/giza-cyber-shield/pkg/forensics/collector.go:263.12,269.3 5 1
github.com/EtherVerseCodeMate/giza-cyber-shield/pkg/forensics/collector.go:271.2,282.33 6 1
github.com/EtherVerseCodeMate/giza-cyber-shield/pkg/forensics/collector.go:282.33,284.3 1 1
github.com/EtherVerseCodeMate/giza-cyber-shield/pkg/forensics/collector.go:286.2,289.22 2 1
github.com/EtherVerseCodeMate/giza-cyber-shield/pkg/forensics/collector.go:293.55,300.22 2 1
github.com/EtherVerseCodeMate/giza-cyber-shield/pkg/forensics/collector.go:301.15,302.29 1 0
github.com/EtherVerseCodeMate/giza-cyber-shield/pkg/forensics/collector.go:303.17,304.31 1 1
github.com/EtherVerseCodeMate/giza-cyber-shield/pkg/forensics/collector.go:305.16,306.30 1 0
github.com/EtherVerseCodeMate/giza-cyber-shield/pkg/forensics/collector.go:309.2,309.14 1 1
github.com/EtherVerseCodeMate/giza-cyber-shield/pkg/forensics/collector.go:313.59,315.58 1 0
github.com/EtherVerseCodeMate/giza-cyber-shield/pkg/forensics/collector.go:315.58,317.21 2 0
github.com/EtherVerseCodeMate/giza-cyber-shield/pkg/forensics/collector.go:317.21,319.4 1 0
github.com/EtherVerseCodeMate/giza-cyber-shield/pkg/forensics/collector.go:323.2,323.59 1 0
github.com/EtherVerseCodeMate/giza-cyber-shield/pkg/forensics/collector.go:323.59,325.22 2 0
github.com/EtherVerseCodeMate/giza-cyber-shield/pkg/forensics/collector.go:325.22,327.4 1 0
github.com/EtherVerseCodeMate/giza-cyber-shield/pkg/forensics/collector.go:331.2,331.59 1 0
github.com/EtherVerseCodeMate/giza-cyber-shield/pkg/forensics/collector.go:331.59,333.3 1 0
github.com/EtherVerseCodeMate/giza-cyber-shield/pkg/forensics/collector.go:337.61,340.45 2 1
github.com/EtherVerseCodeMate/giza-cyber-shield/pkg/forensics/collector.go:340.45,342.3 1 0
github.com/EtherVerseCodeMate/giza-cyber-shield/pkg/forensics/collector.go:345.2,346.45 2 1
github.com/EtherVerseCodeMate/giza-cyber-shield/pkg/forensics/collector.go:346.45,348.21 2 1
github.com/EtherVerseCodeMate/giza-cyber-shield/pkg/forensics/collector.go:348.21,350.4 1 1
github.com/EtherVerseCodeMate/giza-cyber-shield/pkg/forensics/collector.go:355.60,358.45 2 0
github.com/EtherVerseCodeMate/giza-cyber-shield/pkg/forensics/collector.go:358.45,360.3 1 0
github.com/EtherVerseCodeMate/giza-cyber-shield/pkg/forensics/collector.go:363.2,364.45 2 0
github.com/EtherVerseCodeMate/giza-cyber-shield/pkg/forensics/collector.go:364.45,366.3 1 0
github.com/EtherVerseCodeMate/giza-cyber-shield/pkg/forensics/collector.go:370.73,373.22 2 1
github.com/EtherVerseCodeMate/giza-cyber-shield/pkg/forensics/collector.go:374.15,375.40 1 0
github.com/EtherVerseCodeMate/giza-cyber-shield/pkg/forensics/collector.go:376.17,377.45 1 1
github.com/EtherVerseCodeMate/giza-cyber-shield/pkg/forensics/collector.go:378.16,379.44 1 0
github.com/EtherVerseCodeMate/giza-cyber-shield/pkg/forensics/collector.go:382.2,382.18 1 1
github.com/EtherVerseCodeMate/giza-cyber-shield/pkg/forensics/collector.go:386.59,390.16 3 0
github.com/EtherVerseCodeMate/giza-cyber-shield/pkg/forensics/collector.go:390.16,392.3 1 0
github.com/EtherVerseCodeMate/giza-cyber-shield/pkg/forensics/collector.go:394.2,394.32 1 0
github.com/EtherVerseCodeMate/giza-cyber-shield/pkg/forensics/collector.go:394.32,395.21 1 0
github.com/EtherVerseCodeMate/giza-cyber-shield/pkg/forensics/collector.go:395.21,396.12 1 0
github.com/EtherVerseCodeMate/giza-cyber-shield/pkg/forensics/collector.go:400.3,401.65 2 0
github.com/EtherVerseCodeMate/giza-cyber-shield/pkg/forensics/collector.go:401.65,402.12 1 0
github.com/EtherVerseCodeMate/giza-cyber-shield/pkg/forensics/collector.go:405.3,409.73 3 0
github.com/EtherVerseCodeMate/giza-cyber-shield/pkg/forensics/collector.go:409.73,412.4 2 0
github.com/EtherVerseCodeMate/giza-cyber-shield/pkg/forensics/collector.go:415.3,415.81 1 0
github.com/EtherVerseCodeMate/giza-cyber-shield/pkg/forensics/collector.go:415.81,417.4 1 0
github.com/EtherVerseCodeMate/giza-cyber-shield/pkg/forensics/collector.go:420.3,420.79 1 0
github.com/EtherVerseCodeMate/giza-cyber-shield/pkg/forensics/collector.go:420.79,421.61 1 0
github.com/EtherVerseCodeMate/giza-cyber-shield/pkg/forensics/collector.go:421.61,422.41 1 0
github.com/EtherVerseCodeMate/giza-cyber-shield/pkg/forensics/collector.go:422.41,424.6 1 0
github.com/EtherVerseCodeMate/giza-cyber-shield/pkg/forensics/collector.go:424.11,424.48 1 0
github.com/EtherVerseCodeMate/giza-cyber-shield/pkg/forensics/collector.go:424.48,426.6 1 0
github.com/EtherVerseCodeMate/giza-cyber-shield/pkg/forensics/collector.go:426.11,426.49 1 0
github.com/EtherVerseCodeMate/giza-cyber-shield/pkg/forensics/collector.go:426.49,428.6 1 0
github.com/EtherVerseCodeMate/giza-cyber-shield/pkg/forensics/collector.go:428.11,428.47 1 0
github.com/EtherVerseCodeMate/giza-cyber-shield/pkg/forensics/collector.go:428.47,430.6 1 0
github.com/EtherVerseCodeMate/giza-cyber-shield/pkg/forensics/collector.go:434.3,434.38 1 0
github.com/EtherVerseCodeMate/giza-cyber-shield/pkg/forensics/collector.go:437.2,437.18 1 0
github.com/EtherVerseCodeMate/giza-cyber-shield/pkg/forensics/collector.go:441.80,446.16 4 1
github.com/EtherVerseCodeMate/giza-cyber-shield/pkg/forensics/collector.go:446.16,448.3 1 1
github.com/EtherVerseCodeMate/giza-cyber-shield/pkg/forensics/collector.go:450.2,451.29 2 1
github.com/EtherVerseCodeMate/giza-cyber-shield/pkg/forensics/collector.go:451.29,452.46 1 1
github.com/EtherVerseCodeMate/giza-cyber-shield/pkg/forensics/collector.go:452.46,453.12 1 1
github.com/EtherVerseCodeMate/giza-cyber-shield/pkg/forensics/collector.go:457.3,458.22 2 1
github.com/EtherVerseCodeMate/giza-cyber-shield/pkg/forensics/collector.go:458.22,459.12 1 0
github.com/EtherVerseCodeMate/giza-cyber-shield/pkg/forensics/collector.go:462.3,468.38 3 1
github.com/EtherVerseCodeMate/giza-cyber-shield/pkg/forensics/collector.go:471.2,471.18 1 1
github.com/EtherVerseCodeMate/giza-cyber-shield/pkg/forensics/collector.go:475.79,480.16 4 0
github.com/EtherVerseCodeMate/giza-cyber-shield/pkg/forensics/collector.go:480.16,482.3 1 0
github.com/EtherVerseCodeMate/giza-cyber-shield/pkg/forensics/collector.go:484.2,485.29 2 0
github.com/EtherVerseCodeMate/giza-cyber-shield/pkg/forensics/collector.go:485.29,486.46 1 0
github.com/EtherVerseCodeMate/giza-cyber-shield/pkg/forensics/collector.go:486.46,487.12 1 0
github.com/EtherVerseCodeMate/giza-cyber-shield/pkg/forensics/collector.go:490.3,491.23 2 0
github.com/EtherVerseCodeMate/giza-cyber-shield/pkg/forensics/collector.go:491.23,492.12 1 0
github.com/EtherVerseCodeMate/giza-cyber-shield/pkg/forensics/collector.go:495.3,501.38 3 0
github.com/EtherVerseCodeMate/giza-cyber-shield/pkg/forensics/collector.go:504.2,504.18 1 0
github.com/EtherVerseCodeMate/giza-cyber-shield/pkg/forensics/collector.go:508.88,511.22 2 1
github.com/EtherVerseCodeMate/giza-cyber-shield/pkg/forensics/collector.go:512.15,513.35 1 0
github.com/EtherVerseCodeMate/giza-cyber-shield/pkg/forensics/collector.go:514.17,515.40 1 1
github.com/EtherVerseCodeMate/giza-cyber-shield/pkg/forensics/collector.go:516.16,517.39 1 0
github.com/EtherVerseCodeMate/giza-cyber-shield/pkg/forensics/collector.go:520.2,520.14 1 1
github.com/EtherVerseCodeMate/giza-cyber-shield/pkg/forensics/collector.go:524.64,528.59 2 0
github.com/EtherVerseCodeMate/giza-cyber-shield/pkg/forensics/collector.go:528.59,529.63 1 0
github.com/EtherVerseCodeMate/giza-cyber-shield/pkg/forensics/collector.go:529.63,531.4 1 0
github.com/EtherVerseCodeMate/giza-cyber-shield/pkg/forensics/collector.go:535.2,535.59 1 0
github.com/EtherVerseCodeMate/giza-cyber-shield/pkg/forensics/collector.go:535.59,536.63 1 0
github.com/EtherVerseCodeMate/giza-cyber-shield/pkg/forensics/collector.go:536.63,538.4 1 0
github.com/EtherVerseCodeMate/giza-cyber-shield/pkg/forensics/collector.go:541.2,541.14 1 0
github.com/EtherVerseCodeMate/giza-cyber-shield/pkg/forensics/collector.go:545.67,549.29 3 0
github.com/EtherVerseCodeMate/giza-cyber-shield/pkg/forensics/collector.go:549.29,550.46 1 0
github.com/EtherVerseCodeMate/giza-cyber-shield/pkg/forensics/collector.go:550.46,551.12 1 0
github.com/EtherVerseCodeMate/giza-cyber-shield/pkg/forensics/collector.go:554.3,555.23 2 0
github.com/EtherVerseCodeMate/giza-cyber-shield/pkg/forensics/collector.go:555.23,556.12 1 0
github.com/EtherVerseCodeMate/giza-cyber-shield/pkg/forensics/collector.go:559.3,563.27 3 0
github.com/EtherVerseCodeMate/giza-cyber-shield/pkg/forensics/collector.go:563.27,566.4 2 0
github.com/EtherVerseCodeMate/giza-cyber-shield/pkg/forensics/collector.go:569.3,570.28 2 0
github.com/EtherVerseCodeMate/giza-cyber-shield/pkg/forensics/collector.go:570.28,573.4 2 0
github.com/EtherVerseCodeMate/giza-cyber-shield/pkg/forensics/collector.go:576.3,580.30 4 0
github.com/EtherVerseCodeMate/giza-cyber-shield/pkg/forensics/collector.go:583.2,583.14 1 0
github.com/EtherVerseCodeMate/giza-cyber-shield/pkg/forensics/collector.go:587.33,588.19 1 1
github.com/EtherVerseCodeMate/giza-cyber-shield/pkg/forensics/collector.go:588.19,590.3 1 1
github.com/EtherVerseCodeMate/giza-cyber-shield/pkg/forensics/collector.go:592.2,594.31 3 1
github.com/EtherVerseCodeMate/giza-cyber-shield/pkg/forensics/collector.go:598.41,612.32 2 1
github.com/EtherVerseCodeMate/giza-cyber-shield/pkg/forensics/collector.go:612.32,614.3 1 1
github.com/EtherVerseCodeMate/giza-cyber-shield/pkg/forensics/collector.go:615.2,615.18 1 1
github.com/EtherVerseCodeMate/giza-cyber-shield/pkg/forensics/collector.go:619.85,624.16 4 1
github.com/EtherVerseCodeMate/giza-cyber-shield/pkg/forensics/collector.go:624.16,626.3 1 0
github.com/EtherVerseCodeMate/giza-cyber-shield/pkg/forensics/collector.go:628.2,629.29 2 1
github.com/EtherVerseCodeMate/giza-cyber-shield/pkg/forensics/collector.go:629.29,631.22 2 1
github.com/EtherVerseCodeMate/giza-cyber-shield/pkg/forensics/collector.go:631.22,632.12 1 1
github.com/EtherVerseCodeMate/giza-cyber-shield/pkg/forensics/collector.go:635.3,636.39 2 1
github.com/EtherVerseCodeMate/giza-cyber-shield/pkg/forensics/collector.go:636.39,637.12 1 1
github.com/EtherVerseCodeMate/giza-cyber-shield/pkg/forensics/collector.go:640.3,644.27 3 1
github.com/EtherVerseCodeMate/giza-cyber-shield/pkg/forensics/collector.go:644.27,647.4 2 1
github.com/EtherVerseCodeMate/giza-cyber-shield/pkg/forensics/collector.go:650.3,651.28 2 1
github.com/EtherVerseCodeMate/giza-cyber-shield/pkg/forensics/collector.go:651.28,654.4 2 1
github.com/EtherVerseCodeMate/giza-cyber-shield/pkg/forensics/collector.go:657.3,657.41 1 1
github.com/EtherVerseCodeMate/giza-cyber-shield/pkg/forensics/collector.go:657.41,659.4 1 1
github.com/EtherVerseCodeMate/giza-cyber-shield/pkg/forensics/collector.go:662.3,665.30 3 1
github.com/EtherVerseCodeMate/giza-cyber-shield/pkg/forensics/collector.go:668.2,668.14 1 1
github.com/EtherVerseCodeMate/giza-cyber-shield/pkg/forensics/collector.go:672.84,677.16 4 0
github.com/EtherVerseCodeMate/giza-cyber-shield/pkg/forensics/collector.go:677.16,679.3 1 0
github.com/EtherVerseCodeMate/giza-cyber-shield/pkg/forensics/collector.go:681.2,682.29 2 0
github.com/EtherVerseCodeMate/giza-cyber-shield/pkg/forensics/collector.go:682.29,683.46 1 0
github.com/EtherVerseCodeMate/giza-cyber-shield/pkg/forensics/collector.go:683.46,684.12 1 0
github.com/EtherVerseCodeMate/giza-cyber-shield/pkg/forensics/collector.go:687.3,688.22 2 0
github.com/EtherVerseCodeMate/giza-cyber-shield/pkg/forensics/collector.go:688.22,689.12 1 0
github.com/EtherVerseCodeMate/giza-cyber-shield/pkg/forensics/collector.go:692.3,700.35 4 0
github.com/EtherVerseCodeMate/giza-cyber-shield/pkg/forensics/collector.go:700.35,702.23 2 0
github.com/EtherVerseCodeMate/giza-cyber-shield/pkg/forensics/collector.go:702.23,704.29 2 0
github.com/EtherVerseCodeMate/giza-cyber-shield/pkg/forensics/collector.go:704.29,707.6 2 0
github.com/EtherVerseCodeMate/giza-cyber-shield/pkg/forensics/collector.go:708.5,709.30 2 0
github.com/EtherVerseCodeMate/giza-cyber-shield/pkg/forensics/collector.go:709.30,712.6 2 0
github.com/EtherVerseCodeMate/giza-cyber-shield/pkg/forensics/collector.go:716.3,716.30 1 0
github.com/EtherVerseCodeMate/giza-cyber-shield/pkg/forensics/collector.go:719.2,719.14 1 0
github.com/EtherVerseCodeMate/giza-cyber-shield/pkg/forensics/collector.go:723.70,730.29 4 1
github.com/EtherVerseCodeMate/giza-cyber-shield/pkg/forensics/collector.go:730.29,731.29 1 1
github.com/EtherVerseCodeMate/giza-cyber-shield/pkg/forensics/collector.go:731.29,733.18 2 0
github.com/EtherVerseCodeMate/giza-cyber-shield/pkg/forensics/collector.go:733.18,741.5 2 0
github.com/EtherVerseCodeMate/giza-cyber-shield/pkg/forensics/collector.go:746.2,746.40 1 1
github.com/EtherVerseCodeMate/giza-cyber-shield/pkg/forensics/collector.go:746.40,748.3 1 0
github.com/EtherVerseCodeMate/giza-cyber-shield/pkg/forensics/collector.go:750.2,750.14 1 1
github.com/EtherVerseCodeMate/giza-cyber-shield/pkg/forensics/collector.go:754.59,757.39 2 1
github.com/EtherVerseCodeMate/giza-cyber-shield/pkg/forensics/collector.go:757.39,759.17 2 1
github.com/EtherVerseCodeMate/giza-cyber-shield/pkg/forensics/collector.go:759.17,761.4 1 1
github.com/EtherVerseCodeMate/giza-cyber-shield/pkg/forensics/collector.go:764.2,764.15 1 1
github.com/EtherVerseCodeMate/giza-cyber-shield/pkg/forensics/collector.go:768.50,770.16 2 1
github.com/EtherVerseCodeMate/giza-cyber-shield/pkg/forensics/collector.go:770.16,772.3 1 1
github.com/EtherVerseCodeMate/giza-cyber-shield/pkg/forensics/collector.go:773.2,776.49 3 1
github.com/EtherVerseCodeMate/giza-cyber-shield/pkg/forensics/collector.go:776.49,778.3 1 0
github.com/EtherVerseCodeMate/giza-cyber-shield/pkg/forensics/collector.go:780.2,780.44 1 1
github.com/EtherVerseCodeMate/giza-cyber-shield/pkg/forensics/collector.go:784.76,787.22 2 1
github.com/EtherVerseCodeMate/giza-cyber-shield/pkg/forensics/collector.go:788.25,791.17 3 0
github.com/EtherVerseCodeMate/giza-cyber-shield/pkg/forensics/collector.go:791.17,792.61 1 0
github.com/EtherVerseCodeMate/giza-cyber-shield/pkg/forensics/collector.go:792.61,793.38 1 0
github.com/EtherVerseCodeMate/giza-cyber-shield/pkg/forensics/collector.go:793.38,794.14 1 0
github.com/EtherVerseCodeMate/giza-cyber-shield/pkg/forensics/collector.go:796.5,797.25 2 0
github.com/EtherVerseCodeMate/giza-cyber-shield/pkg/forensics/collector.go:797.25,802.6 1 0
github.com/EtherVerseCodeMate/giza-cyber-shield/pkg/forensics/collector.go:805.17,808.17 3 1
github.com/EtherVerseCodeMate/giza-cyber-shield/pkg/forensics/collector.go:808.17,809.61 1 0
github.com/EtherVerseCodeMate/giza-cyber-shield/pkg/forensics/collector.go:809.61,810.48 1 0
github.com/EtherVerseCodeMate/giza-cyber-shield/pkg/forensics/collector.go:810.48,811.14 1 0
github.com/EtherVerseCodeMate/giza-cyber-shield/pkg/forensics/collector.go:813.5,814.25 2 0
github.com/EtherVerseCodeMate/giza-cyber-shield/pkg/forensics/collector.go:814.25,818.6 1 0
github.com/EtherVerseCodeMate/giza-cyber-shield/pkg/forensics/collector.go:823.2,823.17 1 1
github.com/EtherVerseCodeMate/giza-cyber-shield/pkg/forensics/collector.go:827.69,829.16 2 1
github.com/EtherVerseCodeMate/giza-cyber-shield/pkg/forensics/collector.go:829.16,831.3 1 0
github.com/EtherVerseCodeMate/giza-cyber-shield/pkg/forensics/collector.go:833.2,834.36 2 1
github.com/EtherVerseCodeMate/giza-cyber-shield/pkg/forensics/collector.go:838.122,862.34 7 1
github.com/EtherVerseCodeMate/giza-cyber-shield/pkg/forensics/collector.go:862.34,864.3 1 1
github.com/EtherVerseCodeMate/giza-cyber-shield/pkg/forensics/collector.go:866.2,866.17 1 1
github.com/EtherVerseCodeMate/giza-cyber-shield/pkg/forensics/collector.go:870.57,874.2 3 1
github.com/EtherVerseCodeMate/giza-cyber-shield/pkg/forensics/collector.go:877.75,882.34 3 1
github.com/EtherVerseCodeMate/giza-cyber-shield/pkg/forensics/collector.go:882.34,884.3 1 1
github.com/EtherVerseCodeMate/giza-cyber-shield/pkg/forensics/collector.go:886.2,886.34 1 1
github.com/EtherVerseCodeMate/giza-cyber-shield/pkg/forensics/collector.go:886.34,887.44 1 1
github.com/EtherVerseCodeMate/giza-cyber-shield/pkg/forensics/collector.go:887.44,889.4 1 1
github.com/EtherVerseCodeMate/giza-cyber-shield/pkg/forensics/collector.go:893.2,894.40 2 1
github.com/EtherVerseCodeMate/giza-cyber-shield/pkg/forensics/collector.go:894.40,897.3 2 1
github.com/EtherVerseCodeMate/giza-cyber-shield/pkg/forensics/collector.go:899.2,899.40 1 1
github.com/EtherVerseCodeMate/giza-cyber-shield/pkg/forensics/collector.go:899.40,901.21 2 1
github.com/EtherVerseCodeMate/giza-cyber-shield/pkg/forensics/collector.go:901.21,903.4 1 1
github.com/EtherVerseCodeMate/giza-cyber-shield/pkg/forensics/collector.go:907.2,907.44 1 1
github.com/EtherVerseCodeMate/giza-cyber-shield/pkg/forensics/collector.go:907.44,908.54 1 1
github.com/EtherVerseCodeMate/giza-cyber-shield/pkg/forensics/collector.go:908.54,909.26 1 1
github.com/EtherVerseCodeMate/giza-cyber-shield/pkg/forensics/collector.go:909.26,911.5 1 1
github.com/EtherVerseCodeMate/giza-cyber-shield/pkg/forensics/collector.go:912.9,914.4 1 1
github.com/EtherVerseCodeMate/giza-cyber-shield/pkg/forensics/collector.go:917.2,917.16 1 1
github.com/EtherVerseCodeMate/giza-cyber-shield/pkg/forensics/collector.go:921.41,926.25 4 1
github.com/EtherVerseCodeMate/giza-cyber-shield/pkg/forensics/collector.go:926.25,927.10 1 1
github.com/EtherVerseCodeMate/giza-cyber-shield/pkg/forensics/collector.go:928.17,929.24 1 1
github.com/EtherVerseCodeMate/giza-cyber-shield/pkg/forensics/collector.go:930.30,932.17 2 1
github.com/EtherVerseCodeMate/giza-cyber-shield/pkg/forensics/collector.go:933.11,934.22 1 1
github.com/EtherVerseCodeMate/giza-cyber-shield/pkg/forensics/collector.go:937.2,939.15 2 1
github.com/EtherVerseCodeMate/giza-cyber-shield/pkg/forensics/collector.go:943.71,958.33 12 1
github.com/EtherVerseCodeMate/giza-cyber-shield/pkg/forensics/collector.go:958.33,963.3 4 1
github.com/EtherVerseCodeMate/giza-cyber-shield/pkg/forensics/collector.go:965.2,967.39 3 1
github.com/EtherVerseCodeMate/giza-cyber-shield/pkg/forensics/collector.go:967.39,968.14 1 1
github.com/EtherVerseCodeMate/giza-cyber-shield/pkg/forensics/collector.go:968.14,970.9 2 1
github.com/EtherVerseCodeMate/giza-cyber-shield/pkg/forensics/collector.go:972.3,972.79 1 1
github.com/EtherVerseCodeMate/giza-cyber-shield/pkg/forensics/collector.go:975.2,977.45 3 1
github.com/EtherVerseCodeMate/giza-cyber-shield/pkg/forensics/collector.go:977.45,978.14 1 1
github.com/EtherVerseCodeMate/giza-cyber-shield/pkg/forensics/collector.go:978.14,980.9 2 1
github.com/EtherVerseCodeMate/giza-cyber-shield/pkg/forensics/collector.go:982.3,984.50 1 1
github.com/EtherVerseCodeMate/giza-cyber-shield/pkg/forensics/collector.go:987.2,989.42 3 1
github.com/EtherVerseCodeMate/giza-cyber-shield/pkg/forensics/collector.go:989.42,991.3 1 0
github.com/EtherVerseCodeMate/giza-cyber-shield/pkg/forensics/collector.go:993.2,995.46 3 1
github.com/EtherVerseCodeMate/giza-cyber-shield/pkg/forensics/collector.go:995.46,997.3 1 1
github.com/EtherVerseCodeMate/giza-cyber-shield/pkg/forensics/collector.go:999.2,1001.20 2 1
